0 verbose cli C:\Program Files\nodejs\node.exe C:\Users\user\AppData\Roaming\npm\node_modules\npm\bin\npm-cli.js
1 info using npm@10.8.2
2 info using node@v22.1.0
3 silly config load:file:C:\Users\user\AppData\Roaming\npm\node_modules\npm\npmrc
4 silly config load:file:C:\wamp64\www\2024\nodejs-fund-transfer\.npmrc
5 silly config load:file:C:\Users\user\.npmrc
6 silly config load:file:C:\Users\user\AppData\Roaming\npm\etc\npmrc
7 verbose title npm init
8 verbose argv "init" "--yes"
9 verbose logfile logs-max:10 dir:C:\wamp64\www\2024\nodejs-fund-transfer\UsersuserAppDataLocalnpm-cache\_logs\2024-11-28T07_09_55_123Z-
10 verbose logfile C:\wamp64\www\2024\nodejs-fund-transfer\UsersuserAppDataLocalnpm-cache\_logs\2024-11-28T07_09_55_123Z-debug-0.log
11 silly logfile done cleaning log files
12 silly package data {
12 silly package data   name: 'nodejs-fund-transfer',
12 silly package data   version: '1.0.0',
12 silly package data   main: 'index.js',
12 silly package data   scripts: { test: 'echo "Error: no test specified" && exit 1' },
12 silly package data   keywords: [],
12 silly package data   author: '',
12 silly package data   license: 'ISC',
12 silly package data   description: ''
12 silly package data }
13 verbose cwd C:\wamp64\www\2024\nodejs-fund-transfer
14 verbose os Windows_NT 10.0.22000
15 verbose node v22.1.0
16 verbose npm  v10.8.2
17 verbose exit 0
18 info ok
