0 verbose cli C:\Program Files\nodejs\node.exe C:\Users\user\AppData\Roaming\npm\node_modules\npm\bin\npm-cli.js
1 info using npm@10.8.2
2 info using node@v22.1.0
3 silly config load:file:C:\Users\user\AppData\Roaming\npm\node_modules\npm\npmrc
4 silly config load:file:C:\wamp64\www\2024\nodejs-fund-transfer\.npmrc
5 silly config load:file:C:\Users\user\.npmrc
6 silly config load:file:C:\Users\user\AppData\Roaming\npm\etc\npmrc
7 verbose title npm install express mysql2 winston jsonwebtoken amqplib dotenv
8 verbose argv "install" "express" "mysql2" "winston" "jsonwebtoken" "amqplib" "dotenv"
9 verbose logfile logs-max:10 dir:C:\wamp64\www\2024\nodejs-fund-transfer\UsersuserAppDataLocalnpm-cache\_logs\2024-11-28T07_10_35_957Z-
10 verbose logfile C:\wamp64\www\2024\nodejs-fund-transfer\UsersuserAppDataLocalnpm-cache\_logs\2024-11-28T07_10_35_957Z-debug-0.log
11 silly packumentCache heap:4345298944 maxSize:1086324736 maxEntrySize:543162368
12 silly logfile done cleaning log files
13 silly idealTree buildDeps
14 silly fetch manifest express@*
15 silly packumentCache full:https://registry.npmjs.org/express cache-miss
16 http fetch GET 200 https://registry.npmjs.org/express 837ms (cache miss)
17 silly packumentCache full:https://registry.npmjs.org/express set size:undefined disposed:false
18 silly fetch manifest mysql2@*
19 silly packumentCache full:https://registry.npmjs.org/mysql2 cache-miss
20 http fetch GET 200 https://registry.npmjs.org/mysql2 232ms (cache miss)
21 silly packumentCache full:https://registry.npmjs.org/mysql2 set size:undefined disposed:false
22 silly fetch manifest winston@*
23 silly packumentCache full:https://registry.npmjs.org/winston cache-miss
24 http fetch GET 200 https://registry.npmjs.org/winston 270ms (cache miss)
25 silly packumentCache full:https://registry.npmjs.org/winston set size:undefined disposed:false
26 silly fetch manifest jsonwebtoken@*
27 silly packumentCache full:https://registry.npmjs.org/jsonwebtoken cache-miss
28 http fetch GET 200 https://registry.npmjs.org/jsonwebtoken 165ms (cache miss)
29 silly packumentCache full:https://registry.npmjs.org/jsonwebtoken set size:undefined disposed:false
30 silly fetch manifest amqplib@*
31 silly packumentCache full:https://registry.npmjs.org/amqplib cache-miss
32 http fetch GET 200 https://registry.npmjs.org/amqplib 810ms (cache miss)
33 silly packumentCache full:https://registry.npmjs.org/amqplib set size:undefined disposed:false
34 silly fetch manifest dotenv@*
35 silly packumentCache full:https://registry.npmjs.org/dotenv cache-miss
36 http fetch GET 200 https://registry.npmjs.org/dotenv 182ms (cache miss)
37 silly packumentCache full:https://registry.npmjs.org/dotenv set size:undefined disposed:false
38 silly placeDep ROOT amqplib@0.10.5 OK for: nodejs-fund-transfer@1.0.0 want: *
39 silly placeDep ROOT dotenv@16.4.5 OK for: nodejs-fund-transfer@1.0.0 want: *
40 silly placeDep ROOT express@4.21.1 OK for: nodejs-fund-transfer@1.0.0 want: *
41 silly placeDep ROOT jsonwebtoken@9.0.2 OK for: nodejs-fund-transfer@1.0.0 want: *
42 silly placeDep ROOT mysql2@3.11.4 OK for: nodejs-fund-transfer@1.0.0 want: *
43 silly placeDep ROOT winston@3.17.0 OK for: nodejs-fund-transfer@1.0.0 want: *
44 silly fetch manifest @acuminous/bitsyntax@^0.1.2
45 silly packumentCache full:https://registry.npmjs.org/@acuminous%2fbitsyntax cache-miss
46 silly fetch manifest buffer-more-ints@~1.0.0
47 silly packumentCache full:https://registry.npmjs.org/buffer-more-ints cache-miss
48 silly fetch manifest url-parse@~1.5.10
49 silly packumentCache full:https://registry.npmjs.org/url-parse cache-miss
50 http fetch GET 200 https://registry.npmjs.org/url-parse 603ms (cache miss)
51 silly packumentCache full:https://registry.npmjs.org/url-parse set size:undefined disposed:false
52 silly fetch manifest qs@6.13.0
53 silly packumentCache full:https://registry.npmjs.org/qs cache-miss
54 http fetch GET 200 https://registry.npmjs.org/buffer-more-ints 680ms (cache miss)
55 silly packumentCache full:https://registry.npmjs.org/buffer-more-ints set size:undefined disposed:false
56 silly fetch manifest depd@2.0.0
57 silly packumentCache full:https://registry.npmjs.org/depd cache-miss
58 http fetch GET 200 https://registry.npmjs.org/qs 239ms (cache miss)
59 silly packumentCache full:https://registry.npmjs.org/qs set size:undefined disposed:false
60 silly fetch manifest etag@~1.8.1
61 silly packumentCache full:https://registry.npmjs.org/etag cache-miss
62 http fetch GET 200 https://registry.npmjs.org/depd 203ms (cache miss)
63 silly packumentCache full:https://registry.npmjs.org/depd set size:undefined disposed:false
64 silly fetch manifest send@0.19.0
65 silly packumentCache full:https://registry.npmjs.org/send cache-miss
66 http fetch GET 200 https://registry.npmjs.org/etag 178ms (cache miss)
67 silly packumentCache full:https://registry.npmjs.org/etag set size:undefined disposed:false
68 silly fetch manifest vary@~1.1.2
69 silly packumentCache full:https://registry.npmjs.org/vary cache-miss
70 http fetch GET 200 https://registry.npmjs.org/send 184ms (cache miss)
71 silly packumentCache full:https://registry.npmjs.org/send set size:undefined disposed:false
72 silly fetch manifest debug@2.6.9
73 silly packumentCache full:https://registry.npmjs.org/debug cache-miss
74 http fetch GET 200 https://registry.npmjs.org/vary 140ms (cache miss)
75 silly packumentCache full:https://registry.npmjs.org/vary set size:undefined disposed:false
76 silly fetch manifest fresh@0.5.2
77 silly packumentCache full:https://registry.npmjs.org/fresh cache-miss
78 http fetch GET 200 https://registry.npmjs.org/debug 191ms (cache miss)
79 silly packumentCache full:https://registry.npmjs.org/debug set size:undefined disposed:false
80 silly fetch manifest cookie@0.7.1
81 silly packumentCache full:https://registry.npmjs.org/cookie cache-miss
82 http fetch GET 200 https://registry.npmjs.org/fresh 180ms (cache miss)
83 silly packumentCache full:https://registry.npmjs.org/fresh set size:undefined disposed:false
84 silly fetch manifest accepts@~1.3.8
85 silly packumentCache full:https://registry.npmjs.org/accepts cache-miss
86 http fetch GET 200 https://registry.npmjs.org/cookie 194ms (cache miss)
87 silly packumentCache full:https://registry.npmjs.org/cookie set size:undefined disposed:false
88 silly fetch manifest methods@~1.1.2
89 silly packumentCache full:https://registry.npmjs.org/methods cache-miss
90 http fetch GET 200 https://registry.npmjs.org/accepts 163ms (cache miss)
91 silly packumentCache full:https://registry.npmjs.org/accepts set size:undefined disposed:false
92 silly fetch manifest type-is@~1.6.18
93 silly packumentCache full:https://registry.npmjs.org/type-is cache-miss
94 http fetch GET 200 https://registry.npmjs.org/methods 175ms (cache miss)
95 silly packumentCache full:https://registry.npmjs.org/methods set size:undefined disposed:false
96 silly fetch manifest parseurl@~1.3.3
97 silly packumentCache full:https://registry.npmjs.org/parseurl cache-miss
98 http fetch GET 200 https://registry.npmjs.org/@acuminous%2fbitsyntax 1675ms (cache miss)
99 silly packumentCache full:https://registry.npmjs.org/@acuminous%2fbitsyntax set size:undefined disposed:false
100 silly fetch manifest statuses@2.0.1
101 silly packumentCache full:https://registry.npmjs.org/statuses cache-miss
102 http fetch GET 200 https://registry.npmjs.org/type-is 162ms (cache miss)
103 silly packumentCache full:https://registry.npmjs.org/type-is set size:undefined disposed:false
104 silly fetch manifest encodeurl@~2.0.0
105 silly packumentCache full:https://registry.npmjs.org/encodeurl cache-miss
106 http fetch GET 200 https://registry.npmjs.org/statuses 157ms (cache miss)
107 silly packumentCache full:https://registry.npmjs.org/statuses set size:undefined disposed:false
108 silly fetch manifest proxy-addr@~2.0.7
109 silly packumentCache full:https://registry.npmjs.org/proxy-addr cache-miss
110 http fetch GET 200 https://registry.npmjs.org/parseurl 178ms (cache miss)
111 silly packumentCache full:https://registry.npmjs.org/parseurl set size:undefined disposed:false
112 silly fetch manifest body-parser@1.20.3
113 silly packumentCache full:https://registry.npmjs.org/body-parser cache-miss
114 http fetch GET 200 https://registry.npmjs.org/encodeurl 154ms (cache miss)
115 silly packumentCache full:https://registry.npmjs.org/encodeurl set size:undefined disposed:false
116 silly fetch manifest escape-html@~1.0.3
117 silly packumentCache full:https://registry.npmjs.org/escape-html cache-miss
118 http fetch GET 200 https://registry.npmjs.org/proxy-addr 149ms (cache miss)
119 silly packumentCache full:https://registry.npmjs.org/proxy-addr set size:undefined disposed:false
120 silly fetch manifest http-errors@2.0.0
121 silly packumentCache full:https://registry.npmjs.org/http-errors cache-miss
122 http fetch GET 200 https://registry.npmjs.org/body-parser 186ms (cache miss)
123 silly packumentCache full:https://registry.npmjs.org/body-parser set size:undefined disposed:false
124 silly fetch manifest on-finished@2.4.1
125 silly packumentCache full:https://registry.npmjs.org/on-finished cache-miss
126 http fetch GET 200 https://registry.npmjs.org/escape-html 166ms (cache miss)
127 silly packumentCache full:https://registry.npmjs.org/escape-html set size:undefined disposed:false
128 silly fetch manifest safe-buffer@5.2.1
129 silly packumentCache full:https://registry.npmjs.org/safe-buffer cache-miss
130 http fetch GET 200 https://registry.npmjs.org/http-errors 180ms (cache miss)
131 silly packumentCache full:https://registry.npmjs.org/http-errors set size:undefined disposed:false
132 silly fetch manifest utils-merge@1.0.1
133 silly packumentCache full:https://registry.npmjs.org/utils-merge cache-miss
134 http fetch GET 200 https://registry.npmjs.org/safe-buffer 173ms (cache miss)
135 silly packumentCache full:https://registry.npmjs.org/safe-buffer set size:undefined disposed:false
136 silly fetch manifest content-type@~1.0.4
137 silly packumentCache full:https://registry.npmjs.org/content-type cache-miss
138 http fetch GET 200 https://registry.npmjs.org/on-finished 184ms (cache miss)
139 silly packumentCache full:https://registry.npmjs.org/on-finished set size:undefined disposed:false
140 silly fetch manifest finalhandler@1.3.1
141 silly packumentCache full:https://registry.npmjs.org/finalhandler cache-miss
142 http fetch GET 200 https://registry.npmjs.org/utils-merge 164ms (cache miss)
143 silly packumentCache full:https://registry.npmjs.org/utils-merge set size:undefined disposed:false
144 silly fetch manifest range-parser@~1.2.1
145 silly packumentCache full:https://registry.npmjs.org/range-parser cache-miss
146 http fetch GET 200 https://registry.npmjs.org/finalhandler 194ms (cache miss)
147 silly packumentCache full:https://registry.npmjs.org/finalhandler set size:undefined disposed:false
148 silly fetch manifest serve-static@1.16.2
149 silly packumentCache full:https://registry.npmjs.org/serve-static cache-miss
150 http fetch GET 200 https://registry.npmjs.org/content-type 212ms (cache miss)
151 silly packumentCache full:https://registry.npmjs.org/content-type set size:undefined disposed:false
152 silly fetch manifest array-flatten@1.1.1
153 silly packumentCache full:https://registry.npmjs.org/array-flatten cache-miss
154 http fetch GET 200 https://registry.npmjs.org/range-parser 158ms (cache miss)
155 silly packumentCache full:https://registry.npmjs.org/range-parser set size:undefined disposed:false
156 silly fetch manifest path-to-regexp@0.1.10
157 silly packumentCache full:https://registry.npmjs.org/path-to-regexp cache-miss
158 http fetch GET 200 https://registry.npmjs.org/array-flatten 185ms (cache miss)
159 silly packumentCache full:https://registry.npmjs.org/array-flatten set size:undefined disposed:false
160 silly fetch manifest setprototypeof@1.2.0
161 silly packumentCache full:https://registry.npmjs.org/setprototypeof cache-miss
162 http fetch GET 200 https://registry.npmjs.org/serve-static 211ms (cache miss)
163 silly packumentCache full:https://registry.npmjs.org/serve-static set size:undefined disposed:false
164 silly fetch manifest cookie-signature@1.0.6
165 silly packumentCache full:https://registry.npmjs.org/cookie-signature cache-miss
166 http fetch GET 200 https://registry.npmjs.org/path-to-regexp 261ms (cache miss)
167 silly packumentCache full:https://registry.npmjs.org/path-to-regexp set size:undefined disposed:false
168 silly fetch manifest merge-descriptors@1.0.3
169 silly packumentCache full:https://registry.npmjs.org/merge-descriptors cache-miss
170 http fetch GET 200 https://registry.npmjs.org/cookie-signature 171ms (cache miss)
171 silly packumentCache full:https://registry.npmjs.org/cookie-signature set size:undefined disposed:false
172 silly fetch manifest content-disposition@0.5.4
173 silly packumentCache full:https://registry.npmjs.org/content-disposition cache-miss
174 http fetch GET 200 https://registry.npmjs.org/setprototypeof 200ms (cache miss)
175 silly packumentCache full:https://registry.npmjs.org/setprototypeof set size:undefined disposed:false
176 silly fetch manifest jws@^3.2.2
177 silly packumentCache full:https://registry.npmjs.org/jws cache-miss
178 http fetch GET 200 https://registry.npmjs.org/merge-descriptors 181ms (cache miss)
179 silly packumentCache full:https://registry.npmjs.org/merge-descriptors set size:undefined disposed:false
180 silly fetch manifest lodash.includes@^4.3.0
181 silly packumentCache full:https://registry.npmjs.org/lodash.includes cache-miss
182 http fetch GET 200 https://registry.npmjs.org/jws 175ms (cache miss)
183 silly packumentCache full:https://registry.npmjs.org/jws set size:undefined disposed:false
184 silly fetch manifest lodash.isboolean@^3.0.3
185 silly packumentCache full:https://registry.npmjs.org/lodash.isboolean cache-miss
186 http fetch GET 200 https://registry.npmjs.org/content-disposition 211ms (cache miss)
187 silly packumentCache full:https://registry.npmjs.org/content-disposition set size:undefined disposed:false
188 silly fetch manifest lodash.isinteger@^4.0.4
189 silly packumentCache full:https://registry.npmjs.org/lodash.isinteger cache-miss
190 http fetch GET 200 https://registry.npmjs.org/lodash.includes 175ms (cache miss)
191 silly packumentCache full:https://registry.npmjs.org/lodash.includes set size:undefined disposed:false
192 silly fetch manifest lodash.isnumber@^3.0.3
193 silly packumentCache full:https://registry.npmjs.org/lodash.isnumber cache-miss
194 http fetch GET 200 https://registry.npmjs.org/lodash.isinteger 174ms (cache miss)
195 silly packumentCache full:https://registry.npmjs.org/lodash.isinteger set size:undefined disposed:false
196 silly fetch manifest lodash.isplainobject@^4.0.6
197 silly packumentCache full:https://registry.npmjs.org/lodash.isplainobject cache-miss
198 http fetch GET 200 https://registry.npmjs.org/lodash.isboolean 209ms (cache miss)
199 silly packumentCache full:https://registry.npmjs.org/lodash.isboolean set size:undefined disposed:false
200 silly fetch manifest lodash.isstring@^4.0.1
201 silly packumentCache full:https://registry.npmjs.org/lodash.isstring cache-miss
202 http fetch GET 200 https://registry.npmjs.org/lodash.isnumber 196ms (cache miss)
203 silly packumentCache full:https://registry.npmjs.org/lodash.isnumber set size:undefined disposed:false
204 silly fetch manifest lodash.once@^4.0.0
205 silly packumentCache full:https://registry.npmjs.org/lodash.once cache-miss
206 http fetch GET 200 https://registry.npmjs.org/lodash.isstring 172ms (cache miss)
207 silly packumentCache full:https://registry.npmjs.org/lodash.isstring set size:undefined disposed:false
208 silly fetch manifest ms@^2.1.1
209 silly packumentCache full:https://registry.npmjs.org/ms cache-miss
210 http fetch GET 200 https://registry.npmjs.org/lodash.isplainobject 238ms (cache miss)
211 silly packumentCache full:https://registry.npmjs.org/lodash.isplainobject set size:undefined disposed:false
212 silly fetch manifest semver@^7.5.4
213 silly packumentCache full:https://registry.npmjs.org/semver cache-miss
214 http fetch GET 200 https://registry.npmjs.org/ms 190ms (cache miss)
215 silly packumentCache full:https://registry.npmjs.org/ms set size:undefined disposed:false
216 silly fetch manifest long@^5.2.1
217 silly packumentCache full:https://registry.npmjs.org/long cache-miss
218 http fetch GET 200 https://registry.npmjs.org/semver 208ms (cache miss)
219 silly packumentCache full:https://registry.npmjs.org/semver set size:undefined disposed:false
220 silly fetch manifest denque@^2.1.0
221 silly packumentCache full:https://registry.npmjs.org/denque cache-miss
222 http fetch GET 200 https://registry.npmjs.org/lodash.once 352ms (cache miss)
223 silly packumentCache full:https://registry.npmjs.org/lodash.once set size:undefined disposed:false
224 silly fetch manifest lru.min@^1.0.0
225 silly packumentCache full:https://registry.npmjs.org/lru.min cache-miss
226 http fetch GET 200 https://registry.npmjs.org/long 166ms (cache miss)
227 silly packumentCache full:https://registry.npmjs.org/long set size:undefined disposed:false
228 silly fetch manifest seq-queue@^0.0.5
229 silly packumentCache full:https://registry.npmjs.org/seq-queue cache-miss
230 http fetch GET 200 https://registry.npmjs.org/denque 189ms (cache miss)
231 silly packumentCache full:https://registry.npmjs.org/denque set size:undefined disposed:false
232 silly fetch manifest sqlstring@^2.3.2
233 silly packumentCache full:https://registry.npmjs.org/sqlstring cache-miss
234 http fetch GET 200 https://registry.npmjs.org/lru.min 224ms (cache miss)
235 silly packumentCache full:https://registry.npmjs.org/lru.min set size:undefined disposed:false
236 silly fetch manifest iconv-lite@^0.6.3
237 silly packumentCache full:https://registry.npmjs.org/iconv-lite cache-miss
238 http fetch GET 200 https://registry.npmjs.org/seq-queue 200ms (cache miss)
239 silly packumentCache full:https://registry.npmjs.org/seq-queue set size:undefined disposed:false
240 silly fetch manifest aws-ssl-profiles@^1.1.1
241 silly packumentCache full:https://registry.npmjs.org/aws-ssl-profiles cache-miss
242 http fetch GET 200 https://registry.npmjs.org/sqlstring 227ms (cache miss)
243 silly packumentCache full:https://registry.npmjs.org/sqlstring set size:undefined disposed:false
244 silly fetch manifest generate-function@^2.3.1
245 silly packumentCache full:https://registry.npmjs.org/generate-function cache-miss
246 http fetch GET 200 https://registry.npmjs.org/iconv-lite 219ms (cache miss)
247 silly packumentCache full:https://registry.npmjs.org/iconv-lite set size:undefined disposed:false
248 silly fetch manifest named-placeholders@^1.1.3
249 silly packumentCache full:https://registry.npmjs.org/named-placeholders cache-miss
250 http fetch GET 200 https://registry.npmjs.org/aws-ssl-profiles 199ms (cache miss)
251 silly packumentCache full:https://registry.npmjs.org/aws-ssl-profiles set size:undefined disposed:false
252 silly fetch manifest @dabh/diagnostics@^2.0.2
253 silly packumentCache full:https://registry.npmjs.org/@dabh%2fdiagnostics cache-miss
254 http fetch GET 200 https://registry.npmjs.org/generate-function 349ms (cache miss)
255 silly packumentCache full:https://registry.npmjs.org/generate-function set size:undefined disposed:false
256 silly fetch manifest @colors/colors@^1.6.0
257 silly packumentCache full:https://registry.npmjs.org/@colors%2fcolors cache-miss
258 http fetch GET 200 https://registry.npmjs.org/named-placeholders 312ms (cache miss)
259 silly packumentCache full:https://registry.npmjs.org/named-placeholders set size:undefined disposed:false
260 silly fetch manifest async@^3.2.3
261 silly packumentCache full:https://registry.npmjs.org/async cache-miss
262 http fetch GET 200 https://registry.npmjs.org/@dabh%2fdiagnostics 367ms (cache miss)
263 silly packumentCache full:https://registry.npmjs.org/@dabh%2fdiagnostics set size:undefined disposed:false
264 silly fetch manifest is-stream@^2.0.0
265 silly packumentCache full:https://registry.npmjs.org/is-stream cache-miss
266 http fetch GET 200 https://registry.npmjs.org/@colors%2fcolors 220ms (cache miss)
267 silly packumentCache full:https://registry.npmjs.org/@colors%2fcolors set size:undefined disposed:false
268 silly fetch manifest logform@^2.7.0
269 silly packumentCache full:https://registry.npmjs.org/logform cache-miss
270 http fetch GET 200 https://registry.npmjs.org/async 224ms (cache miss)
271 silly packumentCache full:https://registry.npmjs.org/async set size:undefined disposed:false
272 silly fetch manifest one-time@^1.0.0
273 silly packumentCache full:https://registry.npmjs.org/one-time cache-miss
274 http fetch GET 200 https://registry.npmjs.org/is-stream 174ms (cache miss)
275 silly packumentCache full:https://registry.npmjs.org/is-stream set size:undefined disposed:false
276 silly fetch manifest readable-stream@^3.4.0
277 silly packumentCache full:https://registry.npmjs.org/readable-stream cache-miss
278 http fetch GET 200 https://registry.npmjs.org/logform 185ms (cache miss)
279 silly packumentCache full:https://registry.npmjs.org/logform set size:undefined disposed:false
280 silly fetch manifest safe-stable-stringify@^2.3.1
281 silly packumentCache full:https://registry.npmjs.org/safe-stable-stringify cache-miss
282 http fetch GET 200 https://registry.npmjs.org/one-time 177ms (cache miss)
283 silly packumentCache full:https://registry.npmjs.org/one-time set size:undefined disposed:false
284 silly fetch manifest stack-trace@0.0.x
285 silly packumentCache full:https://registry.npmjs.org/stack-trace cache-miss
286 http fetch GET 200 https://registry.npmjs.org/readable-stream 186ms (cache miss)
287 silly packumentCache full:https://registry.npmjs.org/readable-stream set size:undefined disposed:false
288 silly fetch manifest triple-beam@^1.3.0
289 silly packumentCache full:https://registry.npmjs.org/triple-beam cache-miss
290 http fetch GET 200 https://registry.npmjs.org/safe-stable-stringify 169ms (cache miss)
291 silly packumentCache full:https://registry.npmjs.org/safe-stable-stringify set size:undefined disposed:false
292 silly fetch manifest winston-transport@^4.9.0
293 silly packumentCache full:https://registry.npmjs.org/winston-transport cache-miss
294 http fetch GET 200 https://registry.npmjs.org/stack-trace 174ms (cache miss)
295 silly packumentCache full:https://registry.npmjs.org/stack-trace set size:undefined disposed:false
296 http fetch GET 200 https://registry.npmjs.org/triple-beam 156ms (cache miss)
297 silly packumentCache full:https://registry.npmjs.org/triple-beam set size:undefined disposed:false
298 http fetch GET 200 https://registry.npmjs.org/winston-transport 233ms (cache miss)
299 silly packumentCache full:https://registry.npmjs.org/winston-transport set size:undefined disposed:false
300 silly placeDep ROOT @acuminous/bitsyntax@0.1.2 OK for: amqplib@0.10.5 want: ^0.1.2
301 silly placeDep ROOT buffer-more-ints@1.0.0 OK for: amqplib@0.10.5 want: ~1.0.0
302 silly placeDep ROOT url-parse@1.5.10 OK for: amqplib@0.10.5 want: ~1.5.10
303 silly fetch manifest debug@^4.3.4
304 silly packumentCache full:https://registry.npmjs.org/debug cache-miss
305 silly fetch manifest safe-buffer@~5.1.2
306 silly packumentCache full:https://registry.npmjs.org/safe-buffer cache-miss
307 silly fetch manifest querystringify@^2.1.1
308 silly packumentCache full:https://registry.npmjs.org/querystringify cache-miss
309 http fetch GET 200 https://registry.npmjs.org/debug 45ms (cache hit)
310 silly packumentCache full:https://registry.npmjs.org/debug set size:188929 disposed:false
311 silly fetch manifest requires-port@^1.0.0
312 silly packumentCache full:https://registry.npmjs.org/requires-port cache-miss
313 http fetch GET 200 https://registry.npmjs.org/safe-buffer 55ms (cache hit)
314 silly packumentCache full:https://registry.npmjs.org/safe-buffer set size:41183 disposed:false
315 http fetch GET 200 https://registry.npmjs.org/querystringify 182ms (cache miss)
316 silly packumentCache full:https://registry.npmjs.org/querystringify set size:undefined disposed:false
317 http fetch GET 200 https://registry.npmjs.org/requires-port 178ms (cache miss)
318 silly packumentCache full:https://registry.npmjs.org/requires-port set size:undefined disposed:false
319 silly placeDep ROOT debug@4.3.7 OK for: @acuminous/bitsyntax@0.1.2 want: ^4.3.4
320 silly placeDep ROOT safe-buffer@5.1.2 OK for: @acuminous/bitsyntax@0.1.2 want: ~5.1.2
321 silly fetch manifest ms@^2.1.3
322 silly packumentCache full:https://registry.npmjs.org/ms cache-miss
323 http fetch GET 200 https://registry.npmjs.org/ms 7ms (cache hit)
324 silly packumentCache full:https://registry.npmjs.org/ms set size:84885 disposed:false
325 silly placeDep ROOT ms@2.1.3 OK for: debug@4.3.7 want: ^2.1.3
326 silly placeDep ROOT accepts@1.3.8 OK for: express@4.21.1 want: ~1.3.8
327 silly placeDep ROOT array-flatten@1.1.1 OK for: express@4.21.1 want: 1.1.1
328 silly placeDep ROOT body-parser@1.20.3 OK for: express@4.21.1 want: 1.20.3
329 silly placeDep ROOT content-disposition@0.5.4 OK for: express@4.21.1 want: 0.5.4
330 silly placeDep ROOT content-type@1.0.5 OK for: express@4.21.1 want: ~1.0.4
331 silly placeDep ROOT cookie@0.7.1 OK for: express@4.21.1 want: 0.7.1
332 silly placeDep ROOT cookie-signature@1.0.6 OK for: express@4.21.1 want: 1.0.6
333 silly placeDep node_modules/express debug@2.6.9 OK for: express@4.21.1 want: 2.6.9
334 silly placeDep ROOT depd@2.0.0 OK for: express@4.21.1 want: 2.0.0
335 silly placeDep ROOT encodeurl@2.0.0 OK for: express@4.21.1 want: ~2.0.0
336 silly placeDep ROOT escape-html@1.0.3 OK for: express@4.21.1 want: ~1.0.3
337 silly placeDep ROOT etag@1.8.1 OK for: express@4.21.1 want: ~1.8.1
338 silly placeDep ROOT finalhandler@1.3.1 OK for: express@4.21.1 want: 1.3.1
339 silly placeDep ROOT fresh@0.5.2 OK for: express@4.21.1 want: 0.5.2
340 silly placeDep ROOT http-errors@2.0.0 OK for: express@4.21.1 want: 2.0.0
341 silly placeDep ROOT merge-descriptors@1.0.3 OK for: express@4.21.1 want: 1.0.3
342 silly placeDep ROOT methods@1.1.2 OK for: express@4.21.1 want: ~1.1.2
343 silly placeDep ROOT on-finished@2.4.1 OK for: express@4.21.1 want: 2.4.1
344 silly placeDep ROOT parseurl@1.3.3 OK for: express@4.21.1 want: ~1.3.3
345 silly placeDep ROOT path-to-regexp@0.1.10 OK for: express@4.21.1 want: 0.1.10
346 silly placeDep ROOT proxy-addr@2.0.7 OK for: express@4.21.1 want: ~2.0.7
347 silly placeDep ROOT qs@6.13.0 OK for: express@4.21.1 want: 6.13.0
348 silly placeDep ROOT range-parser@1.2.1 OK for: express@4.21.1 want: ~1.2.1
349 silly placeDep node_modules/express safe-buffer@5.2.1 OK for: express@4.21.1 want: 5.2.1
350 silly placeDep ROOT send@0.19.0 OK for: express@4.21.1 want: 0.19.0
351 silly placeDep ROOT serve-static@1.16.2 OK for: express@4.21.1 want: 1.16.2
352 silly placeDep ROOT setprototypeof@1.2.0 OK for: express@4.21.1 want: 1.2.0
353 silly placeDep ROOT statuses@2.0.1 OK for: express@4.21.1 want: 2.0.1
354 silly placeDep ROOT type-is@1.6.18 OK for: express@4.21.1 want: ~1.6.18
355 silly placeDep ROOT utils-merge@1.0.1 OK for: express@4.21.1 want: 1.0.1
356 silly placeDep ROOT vary@1.1.2 OK for: express@4.21.1 want: ~1.1.2
357 silly fetch manifest mime-types@~2.1.34
358 silly packumentCache full:https://registry.npmjs.org/mime-types cache-miss
359 silly fetch manifest negotiator@0.6.3
360 silly packumentCache full:https://registry.npmjs.org/negotiator cache-miss
361 silly fetch manifest bytes@3.1.2
362 silly packumentCache full:https://registry.npmjs.org/bytes cache-miss
363 http fetch GET 200 https://registry.npmjs.org/negotiator 195ms (cache miss)
364 silly packumentCache full:https://registry.npmjs.org/negotiator set size:undefined disposed:false
365 silly fetch manifest unpipe@1.0.0
366 silly packumentCache full:https://registry.npmjs.org/unpipe cache-miss
367 http fetch GET 200 https://registry.npmjs.org/mime-types 213ms (cache miss)
368 silly packumentCache full:https://registry.npmjs.org/mime-types set size:undefined disposed:false
369 silly fetch manifest destroy@1.2.0
370 silly packumentCache full:https://registry.npmjs.org/destroy cache-miss
371 http fetch GET 200 https://registry.npmjs.org/bytes 232ms (cache miss)
372 silly packumentCache full:https://registry.npmjs.org/bytes set size:undefined disposed:false
373 silly fetch manifest raw-body@2.5.2
374 silly packumentCache full:https://registry.npmjs.org/raw-body cache-miss
375 http fetch GET 200 https://registry.npmjs.org/unpipe 176ms (cache miss)
376 silly packumentCache full:https://registry.npmjs.org/unpipe set size:undefined disposed:false
377 silly fetch manifest iconv-lite@0.4.24
378 silly packumentCache full:https://registry.npmjs.org/iconv-lite cache-miss
379 http fetch GET 200 https://registry.npmjs.org/iconv-lite 59ms (cache hit)
380 silly packumentCache full:https://registry.npmjs.org/iconv-lite set size:115994 disposed:false
381 silly fetch manifest content-type@~1.0.5
382 silly packumentCache full:https://registry.npmjs.org/content-type cache-miss
383 http fetch GET 200 https://registry.npmjs.org/destroy 253ms (cache miss)
384 silly packumentCache full:https://registry.npmjs.org/destroy set size:undefined disposed:false
385 silly fetch manifest ms@2.0.0
386 silly packumentCache full:https://registry.npmjs.org/ms cache-hit
387 silly fetch manifest unpipe@~1.0.0
388 silly packumentCache full:https://registry.npmjs.org/unpipe cache-miss
389 http fetch GET 200 https://registry.npmjs.org/raw-body 245ms (cache miss)
390 silly packumentCache full:https://registry.npmjs.org/raw-body set size:undefined disposed:false
391 silly fetch manifest inherits@2.0.4
392 silly packumentCache full:https://registry.npmjs.org/inherits cache-miss
393 http fetch GET 200 https://registry.npmjs.org/content-type 52ms (cache hit)
394 silly packumentCache full:https://registry.npmjs.org/content-type set size:17251 disposed:false
395 silly fetch manifest toidentifier@1.0.1
396 silly packumentCache full:https://registry.npmjs.org/toidentifier cache-miss
397 http fetch GET 200 https://registry.npmjs.org/unpipe 29ms (cache hit)
398 silly packumentCache full:https://registry.npmjs.org/unpipe set size:3537 disposed:false
399 silly fetch manifest ee-first@1.1.1
400 silly packumentCache full:https://registry.npmjs.org/ee-first cache-miss
401 http fetch GET 200 https://registry.npmjs.org/toidentifier 157ms (cache miss)
402 silly packumentCache full:https://registry.npmjs.org/toidentifier set size:undefined disposed:false
403 silly fetch manifest forwarded@0.2.0
404 silly packumentCache full:https://registry.npmjs.org/forwarded cache-miss
405 http fetch GET 200 https://registry.npmjs.org/inherits 188ms (cache miss)
406 silly packumentCache full:https://registry.npmjs.org/inherits set size:undefined disposed:false
407 silly fetch manifest ipaddr.js@1.9.1
408 silly packumentCache full:https://registry.npmjs.org/ipaddr.js cache-miss
409 http fetch GET 200 https://registry.npmjs.org/ee-first 185ms (cache miss)
410 silly packumentCache full:https://registry.npmjs.org/ee-first set size:undefined disposed:false
411 silly fetch manifest side-channel@^1.0.6
412 silly packumentCache full:https://registry.npmjs.org/side-channel cache-miss
413 http fetch GET 200 https://registry.npmjs.org/forwarded 176ms (cache miss)
414 silly packumentCache full:https://registry.npmjs.org/forwarded set size:undefined disposed:false
415 silly fetch manifest mime@1.6.0
416 silly packumentCache full:https://registry.npmjs.org/mime cache-miss
417 http fetch GET 200 https://registry.npmjs.org/ipaddr.js 207ms (cache miss)
418 silly packumentCache full:https://registry.npmjs.org/ipaddr.js set size:undefined disposed:false
419 silly fetch manifest encodeurl@~1.0.2
420 silly packumentCache full:https://registry.npmjs.org/encodeurl cache-miss
421 http fetch GET 200 https://registry.npmjs.org/side-channel 222ms (cache miss)
422 silly packumentCache full:https://registry.npmjs.org/side-channel set size:undefined disposed:false
423 silly fetch manifest mime-types@~2.1.24
424 silly packumentCache full:https://registry.npmjs.org/mime-types cache-miss
425 http fetch GET 200 https://registry.npmjs.org/encodeurl 23ms (cache hit)
426 silly packumentCache full:https://registry.npmjs.org/encodeurl set size:12296 disposed:false
427 silly fetch manifest media-typer@0.3.0
428 silly packumentCache full:https://registry.npmjs.org/media-typer cache-miss
429 http fetch GET 200 https://registry.npmjs.org/mime-types 17ms (cache hit)
430 silly packumentCache full:https://registry.npmjs.org/mime-types set size:129792 disposed:false
431 http fetch GET 200 https://registry.npmjs.org/mime 200ms (cache miss)
432 silly packumentCache full:https://registry.npmjs.org/mime set size:undefined disposed:false
433 http fetch GET 200 https://registry.npmjs.org/media-typer 199ms (cache miss)
434 silly packumentCache full:https://registry.npmjs.org/media-typer set size:undefined disposed:false
435 silly placeDep ROOT mime-types@2.1.35 OK for: accepts@1.3.8 want: ~2.1.34
436 silly placeDep ROOT negotiator@0.6.3 OK for: accepts@1.3.8 want: 0.6.3
437 silly fetch manifest mime-db@1.52.0
438 silly packumentCache full:https://registry.npmjs.org/mime-db cache-miss
439 http fetch GET 200 https://registry.npmjs.org/mime-db 168ms (cache miss)
440 silly packumentCache full:https://registry.npmjs.org/mime-db set size:undefined disposed:false
441 silly placeDep ROOT bytes@3.1.2 OK for: body-parser@1.20.3 want: 3.1.2
442 silly placeDep node_modules/body-parser debug@2.6.9 OK for: body-parser@1.20.3 want: 2.6.9
443 silly placeDep ROOT destroy@1.2.0 OK for: body-parser@1.20.3 want: 1.2.0
444 silly placeDep ROOT iconv-lite@0.4.24 OK for: body-parser@1.20.3 want: 0.4.24
445 silly placeDep ROOT raw-body@2.5.2 OK for: body-parser@1.20.3 want: 2.5.2
446 silly placeDep ROOT unpipe@1.0.0 OK for: body-parser@1.20.3 want: 1.0.0
447 silly fetch manifest safer-buffer@>= 2.1.2 < 3
448 silly packumentCache full:https://registry.npmjs.org/safer-buffer cache-miss
449 http fetch GET 200 https://registry.npmjs.org/safer-buffer 136ms (cache miss)
450 silly packumentCache full:https://registry.npmjs.org/safer-buffer set size:undefined disposed:false
451 silly placeDep node_modules/content-disposition safe-buffer@5.2.1 OK for: content-disposition@0.5.4 want: 5.2.1
452 silly placeDep node_modules/finalhandler debug@2.6.9 OK for: finalhandler@1.3.1 want: 2.6.9
453 silly placeDep ROOT inherits@2.0.4 OK for: http-errors@2.0.0 want: 2.0.4
454 silly placeDep ROOT toidentifier@1.0.1 OK for: http-errors@2.0.0 want: 1.0.1
455 silly placeDep ROOT safer-buffer@2.1.2 OK for: iconv-lite@0.4.24 want: >= 2.1.2 < 3
456 silly placeDep ROOT jws@3.2.2 OK for: jsonwebtoken@9.0.2 want: ^3.2.2
457 silly placeDep ROOT lodash.includes@4.3.0 OK for: jsonwebtoken@9.0.2 want: ^4.3.0
458 silly placeDep ROOT lodash.isboolean@3.0.3 OK for: jsonwebtoken@9.0.2 want: ^3.0.3
459 silly placeDep ROOT lodash.isinteger@4.0.4 OK for: jsonwebtoken@9.0.2 want: ^4.0.4
460 silly placeDep ROOT lodash.isnumber@3.0.3 OK for: jsonwebtoken@9.0.2 want: ^3.0.3
461 silly placeDep ROOT lodash.isplainobject@4.0.6 OK for: jsonwebtoken@9.0.2 want: ^4.0.6
462 silly placeDep ROOT lodash.isstring@4.0.1 OK for: jsonwebtoken@9.0.2 want: ^4.0.1
463 silly placeDep ROOT lodash.once@4.1.1 OK for: jsonwebtoken@9.0.2 want: ^4.0.0
464 silly placeDep ROOT semver@7.6.3 OK for: jsonwebtoken@9.0.2 want: ^7.5.4
465 silly fetch manifest jwa@^1.4.1
466 silly packumentCache full:https://registry.npmjs.org/jwa cache-miss
467 http fetch GET 200 https://registry.npmjs.org/jwa 332ms (cache miss)
468 silly packumentCache full:https://registry.npmjs.org/jwa set size:undefined disposed:false
469 silly placeDep ROOT jwa@1.4.1 OK for: jws@3.2.2 want: ^1.4.1
470 silly fetch manifest buffer-equal-constant-time@1.0.1
471 silly packumentCache full:https://registry.npmjs.org/buffer-equal-constant-time cache-miss
472 silly fetch manifest ecdsa-sig-formatter@1.0.11
473 silly packumentCache full:https://registry.npmjs.org/ecdsa-sig-formatter cache-miss
474 http fetch GET 200 https://registry.npmjs.org/ecdsa-sig-formatter 355ms (cache miss)
475 silly packumentCache full:https://registry.npmjs.org/ecdsa-sig-formatter set size:undefined disposed:false
476 http fetch GET 200 https://registry.npmjs.org/buffer-equal-constant-time 372ms (cache miss)
477 silly packumentCache full:https://registry.npmjs.org/buffer-equal-constant-time set size:undefined disposed:false
478 silly placeDep ROOT buffer-equal-constant-time@1.0.1 OK for: jwa@1.4.1 want: 1.0.1
479 silly placeDep ROOT ecdsa-sig-formatter@1.0.11 OK for: jwa@1.4.1 want: 1.0.11
480 silly placeDep ROOT mime-db@1.52.0 OK for: mime-types@2.1.35 want: 1.52.0
481 silly placeDep ROOT aws-ssl-profiles@1.1.2 OK for: mysql2@3.11.4 want: ^1.1.1
482 silly placeDep ROOT denque@2.1.0 OK for: mysql2@3.11.4 want: ^2.1.0
483 silly placeDep ROOT generate-function@2.3.1 OK for: mysql2@3.11.4 want: ^2.3.1
484 silly placeDep node_modules/mysql2 iconv-lite@0.6.3 OK for: mysql2@3.11.4 want: ^0.6.3
485 silly placeDep ROOT long@5.2.3 OK for: mysql2@3.11.4 want: ^5.2.1
486 silly placeDep ROOT lru.min@1.1.1 OK for: mysql2@3.11.4 want: ^1.0.0
487 silly placeDep ROOT named-placeholders@1.1.3 OK for: mysql2@3.11.4 want: ^1.1.3
488 silly placeDep ROOT seq-queue@0.0.5 OK for: mysql2@3.11.4 want: ^0.0.5
489 silly placeDep ROOT sqlstring@2.3.3 OK for: mysql2@3.11.4 want: ^2.3.2
490 silly fetch manifest is-property@^1.0.2
491 silly packumentCache full:https://registry.npmjs.org/is-property cache-miss
492 silly fetch manifest lru-cache@^7.14.1
493 silly packumentCache full:https://registry.npmjs.org/lru-cache cache-miss
494 http fetch GET 200 https://registry.npmjs.org/is-property 172ms (cache miss)
495 silly packumentCache full:https://registry.npmjs.org/is-property set size:undefined disposed:false
496 http fetch GET 200 https://registry.npmjs.org/lru-cache 213ms (cache miss)
497 silly packumentCache full:https://registry.npmjs.org/lru-cache set size:undefined disposed:false
498 silly placeDep ROOT is-property@1.0.2 OK for: generate-function@2.3.1 want: ^1.0.2
499 silly placeDep ROOT lru-cache@7.18.3 OK for: named-placeholders@1.1.3 want: ^7.14.1
500 silly placeDep ROOT ee-first@1.1.1 OK for: on-finished@2.4.1 want: 1.1.1
501 silly placeDep ROOT forwarded@0.2.0 OK for: proxy-addr@2.0.7 want: 0.2.0
502 silly placeDep ROOT ipaddr.js@1.9.1 OK for: proxy-addr@2.0.7 want: 1.9.1
503 silly placeDep ROOT side-channel@1.0.6 OK for: qs@6.13.0 want: ^1.0.6
504 silly fetch manifest call-bind@^1.0.7
505 silly packumentCache full:https://registry.npmjs.org/call-bind cache-miss
506 silly fetch manifest es-errors@^1.3.0
507 silly packumentCache full:https://registry.npmjs.org/es-errors cache-miss
508 silly fetch manifest get-intrinsic@^1.2.4
509 silly packumentCache full:https://registry.npmjs.org/get-intrinsic cache-miss
510 http fetch GET 200 https://registry.npmjs.org/call-bind 191ms (cache miss)
511 silly packumentCache full:https://registry.npmjs.org/call-bind set size:undefined disposed:false
512 silly fetch manifest object-inspect@^1.13.1
513 silly packumentCache full:https://registry.npmjs.org/object-inspect cache-miss
514 http fetch GET 200 https://registry.npmjs.org/get-intrinsic 195ms (cache miss)
515 silly packumentCache full:https://registry.npmjs.org/get-intrinsic set size:undefined disposed:false
516 http fetch GET 200 https://registry.npmjs.org/es-errors 198ms (cache miss)
517 silly packumentCache full:https://registry.npmjs.org/es-errors set size:undefined disposed:false
518 http fetch GET 200 https://registry.npmjs.org/object-inspect 191ms (cache miss)
519 silly packumentCache full:https://registry.npmjs.org/object-inspect set size:undefined disposed:false
520 silly placeDep node_modules/send debug@2.6.9 OK for: send@0.19.0 want: 2.6.9
521 silly placeDep node_modules/send encodeurl@1.0.2 OK for: send@0.19.0 want: ~1.0.2
522 silly placeDep ROOT mime@1.6.0 OK for: send@0.19.0 want: 1.6.0
523 silly placeDep ROOT call-bind@1.0.7 OK for: side-channel@1.0.6 want: ^1.0.7
524 silly placeDep ROOT es-errors@1.3.0 OK for: side-channel@1.0.6 want: ^1.3.0
525 silly placeDep ROOT get-intrinsic@1.2.4 OK for: side-channel@1.0.6 want: ^1.2.4
526 silly placeDep ROOT object-inspect@1.13.3 OK for: side-channel@1.0.6 want: ^1.13.1
527 silly fetch manifest es-define-property@^1.0.0
528 silly packumentCache full:https://registry.npmjs.org/es-define-property cache-miss
529 silly fetch manifest function-bind@^1.1.2
530 silly packumentCache full:https://registry.npmjs.org/function-bind cache-miss
531 silly fetch manifest set-function-length@^1.2.1
532 silly packumentCache full:https://registry.npmjs.org/set-function-length cache-miss
533 http fetch GET 200 https://registry.npmjs.org/es-define-property 182ms (cache miss)
534 silly packumentCache full:https://registry.npmjs.org/es-define-property set size:undefined disposed:false
535 silly fetch manifest function-bind@^1.1.2
536 silly packumentCache full:https://registry.npmjs.org/function-bind cache-miss
537 http fetch GET 200 https://registry.npmjs.org/set-function-length 185ms (cache miss)
538 silly packumentCache full:https://registry.npmjs.org/set-function-length set size:undefined disposed:false
539 silly fetch manifest has-proto@^1.0.1
540 silly packumentCache full:https://registry.npmjs.org/has-proto cache-miss
541 http fetch GET 200 https://registry.npmjs.org/function-bind 194ms (cache miss)
542 silly packumentCache full:https://registry.npmjs.org/function-bind set size:undefined disposed:false
543 silly fetch manifest has-symbols@^1.0.3
544 silly packumentCache full:https://registry.npmjs.org/has-symbols cache-miss
545 http fetch GET 200 https://registry.npmjs.org/function-bind 174ms (cache miss)
546 silly packumentCache full:https://registry.npmjs.org/function-bind set size:undefined disposed:false
547 silly fetch manifest hasown@^2.0.0
548 silly packumentCache full:https://registry.npmjs.org/hasown cache-miss
549 http fetch GET 200 https://registry.npmjs.org/has-proto 177ms (cache miss)
550 silly packumentCache full:https://registry.npmjs.org/has-proto set size:undefined disposed:false
551 http fetch GET 200 https://registry.npmjs.org/has-symbols 173ms (cache miss)
552 silly packumentCache full:https://registry.npmjs.org/has-symbols set size:undefined disposed:false
553 http fetch GET 200 https://registry.npmjs.org/hasown 181ms (cache miss)
554 silly packumentCache full:https://registry.npmjs.org/hasown set size:undefined disposed:false
555 silly placeDep ROOT es-define-property@1.0.0 OK for: call-bind@1.0.7 want: ^1.0.0
556 silly placeDep ROOT function-bind@1.1.2 OK for: call-bind@1.0.7 want: ^1.1.2
557 silly placeDep ROOT set-function-length@1.2.2 OK for: call-bind@1.0.7 want: ^1.2.1
558 silly fetch manifest define-data-property@^1.1.4
559 silly packumentCache full:https://registry.npmjs.org/define-data-property cache-miss
560 silly fetch manifest gopd@^1.0.1
561 silly packumentCache full:https://registry.npmjs.org/gopd cache-miss
562 silly fetch manifest has-property-descriptors@^1.0.2
563 silly packumentCache full:https://registry.npmjs.org/has-property-descriptors cache-miss
564 http fetch GET 200 https://registry.npmjs.org/has-property-descriptors 167ms (cache miss)
565 silly packumentCache full:https://registry.npmjs.org/has-property-descriptors set size:undefined disposed:false
566 http fetch GET 200 https://registry.npmjs.org/gopd 173ms (cache miss)
567 silly packumentCache full:https://registry.npmjs.org/gopd set size:undefined disposed:false
568 http fetch GET 200 https://registry.npmjs.org/define-data-property 178ms (cache miss)
569 silly packumentCache full:https://registry.npmjs.org/define-data-property set size:undefined disposed:false
570 silly placeDep ROOT has-proto@1.0.3 OK for: get-intrinsic@1.2.4 want: ^1.0.1
571 silly placeDep ROOT has-symbols@1.0.3 OK for: get-intrinsic@1.2.4 want: ^1.0.3
572 silly placeDep ROOT hasown@2.0.2 OK for: get-intrinsic@1.2.4 want: ^2.0.0
573 silly placeDep ROOT define-data-property@1.1.4 OK for: set-function-length@1.2.2 want: ^1.1.4
574 silly placeDep ROOT gopd@1.0.1 OK for: set-function-length@1.2.2 want: ^1.0.1
575 silly placeDep ROOT has-property-descriptors@1.0.2 OK for: set-function-length@1.2.2 want: ^1.0.2
576 silly placeDep ROOT media-typer@0.3.0 OK for: type-is@1.6.18 want: 0.3.0
577 silly placeDep ROOT querystringify@2.2.0 OK for: url-parse@1.5.10 want: ^2.1.1
578 silly placeDep ROOT requires-port@1.0.0 OK for: url-parse@1.5.10 want: ^1.0.0
579 silly placeDep ROOT @colors/colors@1.6.0 OK for: winston@3.17.0 want: ^1.6.0
580 silly placeDep ROOT @dabh/diagnostics@2.0.3 OK for: winston@3.17.0 want: ^2.0.2
581 silly placeDep ROOT async@3.2.6 OK for: winston@3.17.0 want: ^3.2.3
582 silly placeDep ROOT is-stream@2.0.1 OK for: winston@3.17.0 want: ^2.0.0
583 silly placeDep ROOT logform@2.7.0 OK for: winston@3.17.0 want: ^2.7.0
584 silly placeDep ROOT one-time@1.0.0 OK for: winston@3.17.0 want: ^1.0.0
585 silly placeDep ROOT readable-stream@3.6.2 OK for: winston@3.17.0 want: ^3.4.0
586 silly placeDep ROOT safe-stable-stringify@2.5.0 OK for: winston@3.17.0 want: ^2.3.1
587 silly placeDep ROOT stack-trace@0.0.10 OK for: winston@3.17.0 want: 0.0.x
588 silly placeDep ROOT triple-beam@1.4.1 OK for: winston@3.17.0 want: ^1.3.0
589 silly placeDep ROOT winston-transport@4.9.0 OK for: winston@3.17.0 want: ^4.9.0
590 silly fetch manifest colorspace@1.1.x
591 silly packumentCache full:https://registry.npmjs.org/colorspace cache-miss
592 silly fetch manifest enabled@2.0.x
593 silly packumentCache full:https://registry.npmjs.org/enabled cache-miss
594 silly fetch manifest kuler@^2.0.0
595 silly packumentCache full:https://registry.npmjs.org/kuler cache-miss
596 http fetch GET 200 https://registry.npmjs.org/enabled 163ms (cache miss)
597 silly packumentCache full:https://registry.npmjs.org/enabled set size:undefined disposed:false
598 silly fetch manifest @types/triple-beam@^1.3.2
599 silly packumentCache full:https://registry.npmjs.org/@types%2ftriple-beam cache-miss
600 http fetch GET 200 https://registry.npmjs.org/kuler 183ms (cache miss)
601 silly packumentCache full:https://registry.npmjs.org/kuler set size:undefined disposed:false
602 silly fetch manifest fecha@^4.2.0
603 silly packumentCache full:https://registry.npmjs.org/fecha cache-miss
604 http fetch GET 200 https://registry.npmjs.org/colorspace 191ms (cache miss)
605 silly packumentCache full:https://registry.npmjs.org/colorspace set size:undefined disposed:false
606 silly fetch manifest fn.name@1.x.x
607 silly packumentCache full:https://registry.npmjs.org/fn.name cache-miss
608 http fetch GET 200 https://registry.npmjs.org/@types%2ftriple-beam 203ms (cache miss)
609 silly packumentCache full:https://registry.npmjs.org/@types%2ftriple-beam set size:undefined disposed:false
610 silly fetch manifest string_decoder@^1.1.1
611 silly packumentCache full:https://registry.npmjs.org/string_decoder cache-miss
612 http fetch GET 200 https://registry.npmjs.org/fecha 192ms (cache miss)
613 silly packumentCache full:https://registry.npmjs.org/fecha set size:undefined disposed:false
614 silly fetch manifest util-deprecate@^1.0.1
615 silly packumentCache full:https://registry.npmjs.org/util-deprecate cache-miss
616 http fetch GET 200 https://registry.npmjs.org/fn.name 254ms (cache miss)
617 silly packumentCache full:https://registry.npmjs.org/fn.name set size:undefined disposed:false
618 http fetch GET 200 https://registry.npmjs.org/util-deprecate 198ms (cache miss)
619 silly packumentCache full:https://registry.npmjs.org/util-deprecate set size:undefined disposed:false
620 http fetch GET 200 https://registry.npmjs.org/string_decoder 224ms (cache miss)
621 silly packumentCache full:https://registry.npmjs.org/string_decoder set size:undefined disposed:false
622 silly placeDep ROOT colorspace@1.1.4 OK for: @dabh/diagnostics@2.0.3 want: 1.1.x
623 silly placeDep ROOT enabled@2.0.0 OK for: @dabh/diagnostics@2.0.3 want: 2.0.x
624 silly placeDep ROOT kuler@2.0.0 OK for: @dabh/diagnostics@2.0.3 want: ^2.0.0
625 silly fetch manifest color@^3.1.3
626 silly packumentCache full:https://registry.npmjs.org/color cache-miss
627 silly fetch manifest text-hex@1.0.x
628 silly packumentCache full:https://registry.npmjs.org/text-hex cache-miss
629 http fetch GET 200 https://registry.npmjs.org/text-hex 231ms (cache miss)
630 silly packumentCache full:https://registry.npmjs.org/text-hex set size:undefined disposed:false
631 http fetch GET 200 https://registry.npmjs.org/color 237ms (cache miss)
632 silly packumentCache full:https://registry.npmjs.org/color set size:undefined disposed:false
633 silly placeDep ROOT color@3.2.1 OK for: colorspace@1.1.4 want: ^3.1.3
634 silly placeDep ROOT text-hex@1.0.0 OK for: colorspace@1.1.4 want: 1.0.x
635 silly fetch manifest color-convert@^1.9.3
636 silly packumentCache full:https://registry.npmjs.org/color-convert cache-miss
637 silly fetch manifest color-string@^1.6.0
638 silly packumentCache full:https://registry.npmjs.org/color-string cache-miss
639 http fetch GET 200 https://registry.npmjs.org/color-convert 189ms (cache miss)
640 silly packumentCache full:https://registry.npmjs.org/color-convert set size:undefined disposed:false
641 http fetch GET 200 https://registry.npmjs.org/color-string 201ms (cache miss)
642 silly packumentCache full:https://registry.npmjs.org/color-string set size:undefined disposed:false
643 silly placeDep ROOT color-convert@1.9.3 OK for: color@3.2.1 want: ^1.9.3
644 silly placeDep ROOT color-string@1.9.1 OK for: color@3.2.1 want: ^1.6.0
645 silly fetch manifest color-name@1.1.3
646 silly packumentCache full:https://registry.npmjs.org/color-name cache-miss
647 silly fetch manifest color-name@^1.0.0
648 silly packumentCache full:https://registry.npmjs.org/color-name cache-miss
649 silly fetch manifest simple-swizzle@^0.2.2
650 silly packumentCache full:https://registry.npmjs.org/simple-swizzle cache-miss
651 http fetch GET 200 https://registry.npmjs.org/color-name 149ms (cache miss)
652 silly packumentCache full:https://registry.npmjs.org/color-name set size:undefined disposed:false
653 http fetch GET 200 https://registry.npmjs.org/color-name 180ms (cache miss)
654 silly packumentCache full:https://registry.npmjs.org/color-name set size:undefined disposed:false
655 http fetch GET 200 https://registry.npmjs.org/simple-swizzle 184ms (cache miss)
656 silly packumentCache full:https://registry.npmjs.org/simple-swizzle set size:undefined disposed:false
657 silly placeDep ROOT color-name@1.1.3 OK for: color-convert@1.9.3 want: 1.1.3
658 silly placeDep ROOT simple-swizzle@0.2.2 OK for: color-string@1.9.1 want: ^0.2.2
659 silly fetch manifest is-arrayish@^0.3.1
660 silly packumentCache full:https://registry.npmjs.org/is-arrayish cache-miss
661 http fetch GET 200 https://registry.npmjs.org/is-arrayish 168ms (cache miss)
662 silly packumentCache full:https://registry.npmjs.org/is-arrayish set size:undefined disposed:false
663 silly placeDep ROOT @types/triple-beam@1.3.5 OK for: logform@2.7.0 want: ^1.3.2
664 silly placeDep ROOT fecha@4.2.3 OK for: logform@2.7.0 want: ^4.2.0
665 silly placeDep ROOT fn.name@1.1.0 OK for: one-time@1.0.0 want: 1.x.x
666 silly placeDep ROOT string_decoder@1.3.0 OK for: readable-stream@3.6.2 want: ^1.1.1
667 silly placeDep ROOT util-deprecate@1.0.2 OK for: readable-stream@3.6.2 want: ^1.0.1
668 silly fetch manifest safe-buffer@~5.2.0
669 silly packumentCache full:https://registry.npmjs.org/safe-buffer cache-hit
670 silly placeDep ROOT is-arrayish@0.3.2 OK for: simple-swizzle@0.2.2 want: ^0.3.1
671 silly placeDep node_modules/string_decoder safe-buffer@5.2.1 OK for: string_decoder@1.3.0 want: ~5.2.0
672 silly placeDep node_modules/body-parser ms@2.0.0 OK for: debug@2.6.9 want: 2.0.0
673 silly placeDep node_modules/express ms@2.0.0 OK for: debug@2.6.9 want: 2.0.0
674 silly placeDep node_modules/finalhandler ms@2.0.0 OK for: debug@2.6.9 want: 2.0.0
675 silly placeDep node_modules/send/node_modules/debug ms@2.0.0 OK for: debug@2.6.9 want: 2.0.0
676 silly reify moves {}
677 silly audit bulk request {
677 silly audit   amqplib: [ '0.10.5' ],
677 silly audit   dotenv: [ '16.4.5' ],
677 silly audit   express: [ '4.21.1' ],
677 silly audit   jsonwebtoken: [ '9.0.2' ],
677 silly audit   mysql2: [ '3.11.4' ],
677 silly audit   winston: [ '3.17.0' ],
677 silly audit   '@acuminous/bitsyntax': [ '0.1.2' ],
677 silly audit   'buffer-more-ints': [ '1.0.0' ],
677 silly audit   'url-parse': [ '1.5.10' ],
677 silly audit   debug: [ '4.3.7', '2.6.9' ],
677 silly audit   'safe-buffer': [ '5.1.2', '5.2.1' ],
677 silly audit   ms: [ '2.1.3', '2.0.0' ],
677 silly audit   accepts: [ '1.3.8' ],
677 silly audit   'array-flatten': [ '1.1.1' ],
677 silly audit   'body-parser': [ '1.20.3' ],
677 silly audit   'content-disposition': [ '0.5.4' ],
677 silly audit   'content-type': [ '1.0.5' ],
677 silly audit   cookie: [ '0.7.1' ],
677 silly audit   'cookie-signature': [ '1.0.6' ],
677 silly audit   depd: [ '2.0.0' ],
677 silly audit   encodeurl: [ '2.0.0', '1.0.2' ],
677 silly audit   'escape-html': [ '1.0.3' ],
677 silly audit   etag: [ '1.8.1' ],
677 silly audit   finalhandler: [ '1.3.1' ],
677 silly audit   fresh: [ '0.5.2' ],
677 silly audit   'http-errors': [ '2.0.0' ],
677 silly audit   'merge-descriptors': [ '1.0.3' ],
677 silly audit   methods: [ '1.1.2' ],
677 silly audit   'on-finished': [ '2.4.1' ],
677 silly audit   parseurl: [ '1.3.3' ],
677 silly audit   'path-to-regexp': [ '0.1.10' ],
677 silly audit   'proxy-addr': [ '2.0.7' ],
677 silly audit   qs: [ '6.13.0' ],
677 silly audit   'range-parser': [ '1.2.1' ],
677 silly audit   send: [ '0.19.0' ],
677 silly audit   'serve-static': [ '1.16.2' ],
677 silly audit   setprototypeof: [ '1.2.0' ],
677 silly audit   statuses: [ '2.0.1' ],
677 silly audit   'type-is': [ '1.6.18' ],
677 silly audit   'utils-merge': [ '1.0.1' ],
677 silly audit   vary: [ '1.1.2' ],
677 silly audit   'mime-types': [ '2.1.35' ],
677 silly audit   negotiator: [ '0.6.3' ],
677 silly audit   bytes: [ '3.1.2' ],
677 silly audit   destroy: [ '1.2.0' ],
677 silly audit   'iconv-lite': [ '0.4.24', '0.6.3' ],
677 silly audit   'raw-body': [ '2.5.2' ],
677 silly audit   unpipe: [ '1.0.0' ],
677 silly audit   inherits: [ '2.0.4' ],
677 silly audit   toidentifier: [ '1.0.1' ],
677 silly audit   'safer-buffer': [ '2.1.2' ],
677 silly audit   jws: [ '3.2.2' ],
677 silly audit   'lodash.includes': [ '4.3.0' ],
677 silly audit   'lodash.isboolean': [ '3.0.3' ],
677 silly audit   'lodash.isinteger': [ '4.0.4' ],
677 silly audit   'lodash.isnumber': [ '3.0.3' ],
677 silly audit   'lodash.isplainobject': [ '4.0.6' ],
677 silly audit   'lodash.isstring': [ '4.0.1' ],
677 silly audit   'lodash.once': [ '4.1.1' ],
677 silly audit   semver: [ '7.6.3' ],
677 silly audit   jwa: [ '1.4.1' ],
677 silly audit   'buffer-equal-constant-time': [ '1.0.1' ],
677 silly audit   'ecdsa-sig-formatter': [ '1.0.11' ],
677 silly audit   'mime-db': [ '1.52.0' ],
677 silly audit   'aws-ssl-profiles': [ '1.1.2' ],
677 silly audit   denque: [ '2.1.0' ],
677 silly audit   'generate-function': [ '2.3.1' ],
677 silly audit   long: [ '5.2.3' ],
677 silly audit   'lru.min': [ '1.1.1' ],
677 silly audit   'named-placeholders': [ '1.1.3' ],
677 silly audit   'seq-queue': [ '0.0.5' ],
677 silly audit   sqlstring: [ '2.3.3' ],
677 silly audit   'is-property': [ '1.0.2' ],
677 silly audit   'lru-cache': [ '7.18.3' ],
677 silly audit   'ee-first': [ '1.1.1' ],
677 silly audit   forwarded: [ '0.2.0' ],
677 silly audit   'ipaddr.js': [ '1.9.1' ],
677 silly audit   'side-channel': [ '1.0.6' ],
677 silly audit   mime: [ '1.6.0' ],
677 silly audit   'call-bind': [ '1.0.7' ],
677 silly audit   'es-errors': [ '1.3.0' ],
677 silly audit   'get-intrinsic': [ '1.2.4' ],
677 silly audit   'object-inspect': [ '1.13.3' ],
677 silly audit   'es-define-property': [ '1.0.0' ],
677 silly audit   'function-bind': [ '1.1.2' ],
677 silly audit   'set-function-length': [ '1.2.2' ],
677 silly audit   'has-proto': [ '1.0.3' ],
677 silly audit   'has-symbols': [ '1.0.3' ],
677 silly audit   hasown: [ '2.0.2' ],
677 silly audit   'define-data-property': [ '1.1.4' ],
677 silly audit   gopd: [ '1.0.1' ],
677 silly audit   'has-property-descriptors': [ '1.0.2' ],
677 silly audit   'media-typer': [ '0.3.0' ],
677 silly audit   querystringify: [ '2.2.0' ],
677 silly audit   'requires-port': [ '1.0.0' ],
677 silly audit   '@colors/colors': [ '1.6.0' ],
677 silly audit   '@dabh/diagnostics': [ '2.0.3' ],
677 silly audit   async: [ '3.2.6' ],
677 silly audit   'is-stream': [ '2.0.1' ],
677 silly audit   logform: [ '2.7.0' ],
677 silly audit   'one-time': [ '1.0.0' ],
677 silly audit   'readable-stream': [ '3.6.2' ],
677 silly audit   'safe-stable-stringify': [ '2.5.0' ],
677 silly audit   'stack-trace': [ '0.0.10' ],
677 silly audit   'triple-beam': [ '1.4.1' ],
677 silly audit   'winston-transport': [ '4.9.0' ],
677 silly audit   colorspace: [ '1.1.4' ],
677 silly audit   enabled: [ '2.0.0' ],
677 silly audit   kuler: [ '2.0.0' ],
677 silly audit   color: [ '3.2.1' ],
677 silly audit   'text-hex': [ '1.0.0' ],
677 silly audit   'color-convert': [ '1.9.3' ],
677 silly audit   'color-string': [ '1.9.1' ],
677 silly audit   'color-name': [ '1.1.3' ],
677 silly audit   'simple-swizzle': [ '0.2.2' ],
677 silly audit   '@types/triple-beam': [ '1.3.5' ],
677 silly audit   fecha: [ '4.2.3' ],
677 silly audit   'fn.name': [ '1.1.0' ],
677 silly audit   string_decoder: [ '1.3.0' ],
677 silly audit   'util-deprecate': [ '1.0.2' ],
677 silly audit   'is-arrayish': [ '0.3.2' ]
677 silly audit }
678 silly tarball no local data for string_decoder@https://registry.npmjs.org/string_decoder/-/string_decoder-1.3.0.tgz. Extracting by manifest.
679 silly tarball no local data for is-arrayish@https://registry.npmjs.org/is-arrayish/-/is-arrayish-0.3.2.tgz. Extracting by manifest.
680 silly tarball no local data for util-deprecate@https://registry.npmjs.org/util-deprecate/-/util-deprecate-1.0.2.tgz. Extracting by manifest.
681 silly tarball no local data for fn.name@https://registry.npmjs.org/fn.name/-/fn.name-1.1.0.tgz. Extracting by manifest.
682 silly tarball no local data for fecha@https://registry.npmjs.org/fecha/-/fecha-4.2.3.tgz. Extracting by manifest.
683 silly tarball no local data for @types/triple-beam@https://registry.npmjs.org/@types/triple-beam/-/triple-beam-1.3.5.tgz. Extracting by manifest.
684 silly tarball no local data for simple-swizzle@https://registry.npmjs.org/simple-swizzle/-/simple-swizzle-0.2.2.tgz. Extracting by manifest.
685 silly tarball no local data for color-string@https://registry.npmjs.org/color-string/-/color-string-1.9.1.tgz. Extracting by manifest.
686 silly tarball no local data for color-name@https://registry.npmjs.org/color-name/-/color-name-1.1.3.tgz. Extracting by manifest.
687 silly tarball no local data for color-convert@https://registry.npmjs.org/color-convert/-/color-convert-1.9.3.tgz. Extracting by manifest.
688 silly tarball no local data for text-hex@https://registry.npmjs.org/text-hex/-/text-hex-1.0.0.tgz. Extracting by manifest.
689 silly tarball no local data for color@https://registry.npmjs.org/color/-/color-3.2.1.tgz. Extracting by manifest.
690 silly tarball no local data for kuler@https://registry.npmjs.org/kuler/-/kuler-2.0.0.tgz. Extracting by manifest.
691 silly tarball no local data for colorspace@https://registry.npmjs.org/colorspace/-/colorspace-1.1.4.tgz. Extracting by manifest.
692 silly tarball no local data for winston-transport@https://registry.npmjs.org/winston-transport/-/winston-transport-4.9.0.tgz. Extracting by manifest.
693 silly tarball no local data for triple-beam@https://registry.npmjs.org/triple-beam/-/triple-beam-1.4.1.tgz. Extracting by manifest.
694 silly tarball no local data for stack-trace@https://registry.npmjs.org/stack-trace/-/stack-trace-0.0.10.tgz. Extracting by manifest.
695 silly tarball no local data for safe-stable-stringify@https://registry.npmjs.org/safe-stable-stringify/-/safe-stable-stringify-2.5.0.tgz. Extracting by manifest.
696 silly tarball no local data for one-time@https://registry.npmjs.org/one-time/-/one-time-1.0.0.tgz. Extracting by manifest.
697 silly tarball no local data for logform@https://registry.npmjs.org/logform/-/logform-2.7.0.tgz. Extracting by manifest.
698 silly tarball no local data for is-stream@https://registry.npmjs.org/is-stream/-/is-stream-2.0.1.tgz. Extracting by manifest.
699 silly tarball no local data for readable-stream@https://registry.npmjs.org/readable-stream/-/readable-stream-3.6.2.tgz. Extracting by manifest.
700 silly tarball no local data for async@https://registry.npmjs.org/async/-/async-3.2.6.tgz. Extracting by manifest.
701 silly tarball no local data for @dabh/diagnostics@https://registry.npmjs.org/@dabh/diagnostics/-/diagnostics-2.0.3.tgz. Extracting by manifest.
702 silly tarball no local data for @colors/colors@https://registry.npmjs.org/@colors/colors/-/colors-1.6.0.tgz. Extracting by manifest.
703 silly tarball no local data for requires-port@https://registry.npmjs.org/requires-port/-/requires-port-1.0.0.tgz. Extracting by manifest.
704 silly tarball no local data for querystringify@https://registry.npmjs.org/querystringify/-/querystringify-2.2.0.tgz. Extracting by manifest.
705 silly tarball no local data for media-typer@https://registry.npmjs.org/media-typer/-/media-typer-0.3.0.tgz. Extracting by manifest.
706 silly tarball no local data for has-property-descriptors@https://registry.npmjs.org/has-property-descriptors/-/has-property-descriptors-1.0.2.tgz. Extracting by manifest.
707 silly tarball no local data for gopd@https://registry.npmjs.org/gopd/-/gopd-1.0.1.tgz. Extracting by manifest.
708 silly tarball no local data for define-data-property@https://registry.npmjs.org/define-data-property/-/define-data-property-1.1.4.tgz. Extracting by manifest.
709 silly tarball no local data for hasown@https://registry.npmjs.org/hasown/-/hasown-2.0.2.tgz. Extracting by manifest.
710 silly tarball no local data for has-symbols@https://registry.npmjs.org/has-symbols/-/has-symbols-1.0.3.tgz. Extracting by manifest.
711 silly tarball no local data for has-proto@https://registry.npmjs.org/has-proto/-/has-proto-1.0.3.tgz. Extracting by manifest.
712 silly tarball no local data for function-bind@https://registry.npmjs.org/function-bind/-/function-bind-1.1.2.tgz. Extracting by manifest.
713 silly tarball no local data for set-function-length@https://registry.npmjs.org/set-function-length/-/set-function-length-1.2.2.tgz. Extracting by manifest.
714 silly tarball no local data for es-define-property@https://registry.npmjs.org/es-define-property/-/es-define-property-1.0.0.tgz. Extracting by manifest.
715 silly tarball no local data for get-intrinsic@https://registry.npmjs.org/get-intrinsic/-/get-intrinsic-1.2.4.tgz. Extracting by manifest.
716 silly tarball no local data for object-inspect@https://registry.npmjs.org/object-inspect/-/object-inspect-1.13.3.tgz. Extracting by manifest.
717 silly tarball no local data for es-errors@https://registry.npmjs.org/es-errors/-/es-errors-1.3.0.tgz. Extracting by manifest.
718 silly tarball no local data for call-bind@https://registry.npmjs.org/call-bind/-/call-bind-1.0.7.tgz. Extracting by manifest.
719 silly tarball no local data for mime@https://registry.npmjs.org/mime/-/mime-1.6.0.tgz. Extracting by manifest.
720 silly tarball no local data for side-channel@https://registry.npmjs.org/side-channel/-/side-channel-1.0.6.tgz. Extracting by manifest.
721 silly tarball no local data for forwarded@https://registry.npmjs.org/forwarded/-/forwarded-0.2.0.tgz. Extracting by manifest.
722 silly tarball no local data for ipaddr.js@https://registry.npmjs.org/ipaddr.js/-/ipaddr.js-1.9.1.tgz. Extracting by manifest.
723 silly tarball no local data for ee-first@https://registry.npmjs.org/ee-first/-/ee-first-1.1.1.tgz. Extracting by manifest.
724 silly tarball no local data for lru-cache@https://registry.npmjs.org/lru-cache/-/lru-cache-7.18.3.tgz. Extracting by manifest.
725 silly tarball no local data for is-property@https://registry.npmjs.org/is-property/-/is-property-1.0.2.tgz. Extracting by manifest.
726 silly tarball no local data for sqlstring@https://registry.npmjs.org/sqlstring/-/sqlstring-2.3.3.tgz. Extracting by manifest.
727 silly tarball no local data for seq-queue@https://registry.npmjs.org/seq-queue/-/seq-queue-0.0.5.tgz. Extracting by manifest.
728 silly tarball no local data for lru.min@https://registry.npmjs.org/lru.min/-/lru.min-1.1.1.tgz. Extracting by manifest.
729 silly tarball no local data for named-placeholders@https://registry.npmjs.org/named-placeholders/-/named-placeholders-1.1.3.tgz. Extracting by manifest.
730 silly tarball no local data for long@https://registry.npmjs.org/long/-/long-5.2.3.tgz. Extracting by manifest.
731 silly tarball no local data for generate-function@https://registry.npmjs.org/generate-function/-/generate-function-2.3.1.tgz. Extracting by manifest.
732 silly tarball no local data for denque@https://registry.npmjs.org/denque/-/denque-2.1.0.tgz. Extracting by manifest.
733 silly tarball no local data for aws-ssl-profiles@https://registry.npmjs.org/aws-ssl-profiles/-/aws-ssl-profiles-1.1.2.tgz. Extracting by manifest.
734 silly tarball no local data for mime-db@https://registry.npmjs.org/mime-db/-/mime-db-1.52.0.tgz. Extracting by manifest.
735 silly tarball no local data for ecdsa-sig-formatter@https://registry.npmjs.org/ecdsa-sig-formatter/-/ecdsa-sig-formatter-1.0.11.tgz. Extracting by manifest.
736 silly tarball no local data for buffer-equal-constant-time@https://registry.npmjs.org/buffer-equal-constant-time/-/buffer-equal-constant-time-1.0.1.tgz. Extracting by manifest.
737 silly tarball no local data for semver@https://registry.npmjs.org/semver/-/semver-7.6.3.tgz. Extracting by manifest.
738 silly tarball no local data for jwa@https://registry.npmjs.org/jwa/-/jwa-1.4.1.tgz. Extracting by manifest.
739 silly tarball no local data for lodash.once@https://registry.npmjs.org/lodash.once/-/lodash.once-4.1.1.tgz. Extracting by manifest.
740 silly tarball no local data for lodash.isstring@https://registry.npmjs.org/lodash.isstring/-/lodash.isstring-4.0.1.tgz. Extracting by manifest.
741 silly tarball no local data for lodash.isplainobject@https://registry.npmjs.org/lodash.isplainobject/-/lodash.isplainobject-4.0.6.tgz. Extracting by manifest.
742 silly tarball no local data for lodash.isnumber@https://registry.npmjs.org/lodash.isnumber/-/lodash.isnumber-3.0.3.tgz. Extracting by manifest.
743 silly tarball no local data for lodash.isinteger@https://registry.npmjs.org/lodash.isinteger/-/lodash.isinteger-4.0.4.tgz. Extracting by manifest.
744 silly tarball no local data for lodash.isboolean@https://registry.npmjs.org/lodash.isboolean/-/lodash.isboolean-3.0.3.tgz. Extracting by manifest.
745 silly tarball no local data for lodash.includes@https://registry.npmjs.org/lodash.includes/-/lodash.includes-4.3.0.tgz. Extracting by manifest.
746 silly tarball no local data for jws@https://registry.npmjs.org/jws/-/jws-3.2.2.tgz. Extracting by manifest.
747 silly tarball no local data for safer-buffer@https://registry.npmjs.org/safer-buffer/-/safer-buffer-2.1.2.tgz. Extracting by manifest.
748 silly tarball no local data for toidentifier@https://registry.npmjs.org/toidentifier/-/toidentifier-1.0.1.tgz. Extracting by manifest.
749 silly tarball no local data for inherits@https://registry.npmjs.org/inherits/-/inherits-2.0.4.tgz. Extracting by manifest.
750 silly tarball no local data for unpipe@https://registry.npmjs.org/unpipe/-/unpipe-1.0.0.tgz. Extracting by manifest.
751 silly tarball no local data for iconv-lite@https://registry.npmjs.org/iconv-lite/-/iconv-lite-0.4.24.tgz. Extracting by manifest.
752 silly tarball no local data for raw-body@https://registry.npmjs.org/raw-body/-/raw-body-2.5.2.tgz. Extracting by manifest.
753 silly tarball no local data for destroy@https://registry.npmjs.org/destroy/-/destroy-1.2.0.tgz. Extracting by manifest.
754 silly tarball no local data for bytes@https://registry.npmjs.org/bytes/-/bytes-3.1.2.tgz. Extracting by manifest.
755 silly tarball no local data for negotiator@https://registry.npmjs.org/negotiator/-/negotiator-0.6.3.tgz. Extracting by manifest.
756 silly tarball no local data for mime-types@https://registry.npmjs.org/mime-types/-/mime-types-2.1.35.tgz. Extracting by manifest.
757 silly tarball no local data for vary@https://registry.npmjs.org/vary/-/vary-1.1.2.tgz. Extracting by manifest.
758 silly tarball no local data for utils-merge@https://registry.npmjs.org/utils-merge/-/utils-merge-1.0.1.tgz. Extracting by manifest.
759 silly tarball no local data for type-is@https://registry.npmjs.org/type-is/-/type-is-1.6.18.tgz. Extracting by manifest.
760 silly tarball no local data for statuses@https://registry.npmjs.org/statuses/-/statuses-2.0.1.tgz. Extracting by manifest.
761 silly tarball no local data for setprototypeof@https://registry.npmjs.org/setprototypeof/-/setprototypeof-1.2.0.tgz. Extracting by manifest.
762 silly tarball no local data for serve-static@https://registry.npmjs.org/serve-static/-/serve-static-1.16.2.tgz. Extracting by manifest.
763 silly tarball no local data for send@https://registry.npmjs.org/send/-/send-0.19.0.tgz. Extracting by manifest.
764 silly tarball no local data for range-parser@https://registry.npmjs.org/range-parser/-/range-parser-1.2.1.tgz. Extracting by manifest.
765 silly tarball no local data for qs@https://registry.npmjs.org/qs/-/qs-6.13.0.tgz. Extracting by manifest.
766 silly tarball no local data for proxy-addr@https://registry.npmjs.org/proxy-addr/-/proxy-addr-2.0.7.tgz. Extracting by manifest.
767 silly tarball no local data for path-to-regexp@https://registry.npmjs.org/path-to-regexp/-/path-to-regexp-0.1.10.tgz. Extracting by manifest.
768 silly tarball no local data for parseurl@https://registry.npmjs.org/parseurl/-/parseurl-1.3.3.tgz. Extracting by manifest.
769 silly tarball no local data for on-finished@https://registry.npmjs.org/on-finished/-/on-finished-2.4.1.tgz. Extracting by manifest.
770 silly tarball no local data for methods@https://registry.npmjs.org/methods/-/methods-1.1.2.tgz. Extracting by manifest.
771 silly tarball no local data for merge-descriptors@https://registry.npmjs.org/merge-descriptors/-/merge-descriptors-1.0.3.tgz. Extracting by manifest.
772 silly tarball no local data for http-errors@https://registry.npmjs.org/http-errors/-/http-errors-2.0.0.tgz. Extracting by manifest.
773 silly tarball no local data for finalhandler@https://registry.npmjs.org/finalhandler/-/finalhandler-1.3.1.tgz. Extracting by manifest.
774 silly tarball no local data for fresh@https://registry.npmjs.org/fresh/-/fresh-0.5.2.tgz. Extracting by manifest.
775 silly tarball no local data for etag@https://registry.npmjs.org/etag/-/etag-1.8.1.tgz. Extracting by manifest.
776 silly tarball no local data for escape-html@https://registry.npmjs.org/escape-html/-/escape-html-1.0.3.tgz. Extracting by manifest.
777 silly tarball no local data for encodeurl@https://registry.npmjs.org/encodeurl/-/encodeurl-2.0.0.tgz. Extracting by manifest.
778 silly tarball no local data for depd@https://registry.npmjs.org/depd/-/depd-2.0.0.tgz. Extracting by manifest.
779 silly tarball no local data for cookie-signature@https://registry.npmjs.org/cookie-signature/-/cookie-signature-1.0.6.tgz. Extracting by manifest.
780 silly tarball no local data for cookie@https://registry.npmjs.org/cookie/-/cookie-0.7.1.tgz. Extracting by manifest.
781 silly tarball no local data for content-type@https://registry.npmjs.org/content-type/-/content-type-1.0.5.tgz. Extracting by manifest.
782 silly tarball no local data for content-disposition@https://registry.npmjs.org/content-disposition/-/content-disposition-0.5.4.tgz. Extracting by manifest.
783 silly tarball no local data for body-parser@https://registry.npmjs.org/body-parser/-/body-parser-1.20.3.tgz. Extracting by manifest.
784 silly tarball no local data for array-flatten@https://registry.npmjs.org/array-flatten/-/array-flatten-1.1.1.tgz. Extracting by manifest.
785 silly tarball no local data for safe-buffer@https://registry.npmjs.org/safe-buffer/-/safe-buffer-5.1.2.tgz. Extracting by manifest.
786 silly tarball no local data for ms@https://registry.npmjs.org/ms/-/ms-2.1.3.tgz. Extracting by manifest.
787 silly tarball no local data for accepts@https://registry.npmjs.org/accepts/-/accepts-1.3.8.tgz. Extracting by manifest.
788 silly tarball no local data for debug@https://registry.npmjs.org/debug/-/debug-4.3.7.tgz. Extracting by manifest.
789 silly tarball no local data for url-parse@https://registry.npmjs.org/url-parse/-/url-parse-1.5.10.tgz. Extracting by manifest.
790 silly tarball no local data for enabled@https://registry.npmjs.org/enabled/-/enabled-2.0.0.tgz. Extracting by manifest.
791 silly tarball no local data for buffer-more-ints@https://registry.npmjs.org/buffer-more-ints/-/buffer-more-ints-1.0.0.tgz. Extracting by manifest.
792 silly tarball no local data for @acuminous/bitsyntax@https://registry.npmjs.org/@acuminous/bitsyntax/-/bitsyntax-0.1.2.tgz. Extracting by manifest.
793 silly tarball no local data for mysql2@https://registry.npmjs.org/mysql2/-/mysql2-3.11.4.tgz. Extracting by manifest.
794 silly tarball no local data for winston@https://registry.npmjs.org/winston/-/winston-3.17.0.tgz. Extracting by manifest.
795 silly tarball no local data for jsonwebtoken@https://registry.npmjs.org/jsonwebtoken/-/jsonwebtoken-9.0.2.tgz. Extracting by manifest.
796 silly tarball no local data for express@https://registry.npmjs.org/express/-/express-4.21.1.tgz. Extracting by manifest.
797 silly tarball no local data for dotenv@https://registry.npmjs.org/dotenv/-/dotenv-16.4.5.tgz. Extracting by manifest.
798 silly tarball no local data for amqplib@https://registry.npmjs.org/amqplib/-/amqplib-0.10.5.tgz. Extracting by manifest.
799 silly tarball no local data for safe-buffer@https://registry.npmjs.org/safe-buffer/-/safe-buffer-5.2.1.tgz. Extracting by manifest.
800 silly tarball no local data for encodeurl@https://registry.npmjs.org/encodeurl/-/encodeurl-1.0.2.tgz. Extracting by manifest.
801 silly tarball no local data for debug@https://registry.npmjs.org/debug/-/debug-2.6.9.tgz. Extracting by manifest.
802 silly tarball no local data for ms@https://registry.npmjs.org/ms/-/ms-2.0.0.tgz. Extracting by manifest.
803 silly tarball no local data for ms@https://registry.npmjs.org/ms/-/ms-2.0.0.tgz. Extracting by manifest.
804 silly tarball no local data for debug@https://registry.npmjs.org/debug/-/debug-2.6.9.tgz. Extracting by manifest.
805 silly tarball no local data for ms@https://registry.npmjs.org/ms/-/ms-2.0.0.tgz. Extracting by manifest.
806 silly tarball no local data for safe-buffer@https://registry.npmjs.org/safe-buffer/-/safe-buffer-5.2.1.tgz. Extracting by manifest.
807 silly tarball no local data for debug@https://registry.npmjs.org/debug/-/debug-2.6.9.tgz. Extracting by manifest.
808 silly tarball no local data for iconv-lite@https://registry.npmjs.org/iconv-lite/-/iconv-lite-0.6.3.tgz. Extracting by manifest.
809 silly tarball no local data for debug@https://registry.npmjs.org/debug/-/debug-2.6.9.tgz. Extracting by manifest.
810 silly tarball no local data for safe-buffer@https://registry.npmjs.org/safe-buffer/-/safe-buffer-5.2.1.tgz. Extracting by manifest.
811 silly tarball no local data for ms@https://registry.npmjs.org/ms/-/ms-2.0.0.tgz. Extracting by manifest.
812 http fetch GET 200 https://registry.npmjs.org/string_decoder/-/string_decoder-1.3.0.tgz 354ms (cache miss)
813 http fetch GET 200 https://registry.npmjs.org/is-arrayish/-/is-arrayish-0.3.2.tgz 358ms (cache miss)
814 http fetch POST 200 https://registry.npmjs.org/-/npm/v1/security/advisories/bulk 530ms
815 silly audit report {}
816 http fetch GET 200 https://registry.npmjs.org/winston-transport/-/winston-transport-4.9.0.tgz 570ms (cache miss)
817 http fetch GET 200 https://registry.npmjs.org/triple-beam/-/triple-beam-1.4.1.tgz 573ms (cache miss)
818 http fetch GET 200 https://registry.npmjs.org/safe-stable-stringify/-/safe-stable-stringify-2.5.0.tgz 579ms (cache miss)
819 http fetch GET 200 https://registry.npmjs.org/stack-trace/-/stack-trace-0.0.10.tgz 580ms (cache miss)
820 http fetch GET 200 https://registry.npmjs.org/one-time/-/one-time-1.0.0.tgz 811ms (cache miss)
821 http fetch GET 200 https://registry.npmjs.org/text-hex/-/text-hex-1.0.0.tgz 828ms (cache miss)
822 http fetch GET 200 https://registry.npmjs.org/colorspace/-/colorspace-1.1.4.tgz 849ms (cache miss)
823 http fetch GET 200 https://registry.npmjs.org/util-deprecate/-/util-deprecate-1.0.2.tgz 862ms (cache miss)
824 http fetch GET 200 https://registry.npmjs.org/is-stream/-/is-stream-2.0.1.tgz 852ms (cache miss)
825 http fetch GET 200 https://registry.npmjs.org/color/-/color-3.2.1.tgz 888ms (cache miss)
826 http fetch GET 200 https://registry.npmjs.org/fn.name/-/fn.name-1.1.0.tgz 907ms (cache miss)
827 http fetch GET 200 https://registry.npmjs.org/@types/triple-beam/-/triple-beam-1.3.5.tgz 907ms (cache miss)
828 http fetch GET 200 https://registry.npmjs.org/kuler/-/kuler-2.0.0.tgz 918ms (cache miss)
829 http fetch GET 200 https://registry.npmjs.org/simple-swizzle/-/simple-swizzle-0.2.2.tgz 936ms (cache miss)
830 http fetch GET 200 https://registry.npmjs.org/color-name/-/color-name-1.1.3.tgz 935ms (cache miss)
831 http fetch GET 200 https://registry.npmjs.org/color-string/-/color-string-1.9.1.tgz 946ms (cache miss)
832 http fetch GET 200 https://registry.npmjs.org/requires-port/-/requires-port-1.0.0.tgz 979ms (cache miss)
833 http fetch GET 200 https://registry.npmjs.org/gopd/-/gopd-1.0.1.tgz 1008ms (cache miss)
834 http fetch GET 200 https://registry.npmjs.org/querystringify/-/querystringify-2.2.0.tgz 1051ms (cache miss)
835 http fetch GET 200 https://registry.npmjs.org/media-typer/-/media-typer-0.3.0.tgz 1052ms (cache miss)
836 http fetch GET 200 https://registry.npmjs.org/color-convert/-/color-convert-1.9.3.tgz 1116ms (cache miss)
837 http fetch GET 200 https://registry.npmjs.org/get-intrinsic/-/get-intrinsic-1.2.4.tgz 1181ms (cache miss)
838 http fetch GET 200 https://registry.npmjs.org/has-proto/-/has-proto-1.0.3.tgz 1189ms (cache miss)
839 http fetch GET 200 https://registry.npmjs.org/ee-first/-/ee-first-1.1.1.tgz 1235ms (cache miss)
840 http fetch GET 200 https://registry.npmjs.org/has-property-descriptors/-/has-property-descriptors-1.0.2.tgz 1270ms (cache miss)
841 http fetch GET 200 https://registry.npmjs.org/forwarded/-/forwarded-0.2.0.tgz 1313ms (cache miss)
842 http fetch GET 200 https://registry.npmjs.org/hasown/-/hasown-2.0.2.tgz 1348ms (cache miss)
843 http fetch GET 200 https://registry.npmjs.org/is-property/-/is-property-1.0.2.tgz 1383ms (cache miss)
844 http fetch GET 200 https://registry.npmjs.org/named-placeholders/-/named-placeholders-1.1.3.tgz 1411ms (cache miss)
845 http fetch GET 200 https://registry.npmjs.org/lru.min/-/lru.min-1.1.1.tgz 1412ms (cache miss)
846 http fetch GET 200 https://registry.npmjs.org/define-data-property/-/define-data-property-1.1.4.tgz 1541ms (cache miss)
847 http fetch GET 200 https://registry.npmjs.org/lodash.isboolean/-/lodash.isboolean-3.0.3.tgz 1586ms (cache miss)
848 http fetch GET 200 https://registry.npmjs.org/lodash.isinteger/-/lodash.isinteger-4.0.4.tgz 1587ms (cache miss)
849 http fetch GET 200 https://registry.npmjs.org/set-function-length/-/set-function-length-1.2.2.tgz 1624ms (cache miss)
850 http fetch GET 200 https://registry.npmjs.org/jwa/-/jwa-1.4.1.tgz 1636ms (cache miss)
851 http fetch GET 200 https://registry.npmjs.org/lodash.includes/-/lodash.includes-4.3.0.tgz 1631ms (cache miss)
852 http fetch GET 200 https://registry.npmjs.org/sqlstring/-/sqlstring-2.3.3.tgz 1672ms (cache miss)
853 http fetch GET 200 https://registry.npmjs.org/lodash.isstring/-/lodash.isstring-4.0.1.tgz 1662ms (cache miss)
854 http fetch GET 200 https://registry.npmjs.org/lodash.once/-/lodash.once-4.1.1.tgz 1666ms (cache miss)
855 http fetch GET 200 https://registry.npmjs.org/lodash.isnumber/-/lodash.isnumber-3.0.3.tgz 1664ms (cache miss)
856 http fetch GET 200 https://registry.npmjs.org/ipaddr.js/-/ipaddr.js-1.9.1.tgz 1713ms (cache miss)
857 http fetch GET 200 https://registry.npmjs.org/function-bind/-/function-bind-1.1.2.tgz 1720ms (cache miss)
858 http fetch GET 200 https://registry.npmjs.org/lodash.isplainobject/-/lodash.isplainobject-4.0.6.tgz 1700ms (cache miss)
859 http fetch GET 200 https://registry.npmjs.org/es-define-property/-/es-define-property-1.0.0.tgz 1776ms (cache miss)
860 http fetch GET 200 https://registry.npmjs.org/fecha/-/fecha-4.2.3.tgz 1847ms (cache miss)
861 http fetch GET 200 https://registry.npmjs.org/toidentifier/-/toidentifier-1.0.1.tgz 1825ms (cache miss)
862 http fetch GET 200 https://registry.npmjs.org/ecdsa-sig-formatter/-/ecdsa-sig-formatter-1.0.11.tgz 1840ms (cache miss)
863 http fetch GET 200 https://registry.npmjs.org/inherits/-/inherits-2.0.4.tgz 1874ms (cache miss)
864 http fetch GET 200 https://registry.npmjs.org/unpipe/-/unpipe-1.0.0.tgz 1906ms (cache miss)
865 http fetch GET 200 https://registry.npmjs.org/negotiator/-/negotiator-0.6.3.tgz 1903ms (cache miss)
866 http fetch GET 200 https://registry.npmjs.org/denque/-/denque-2.1.0.tgz 1968ms (cache miss)
867 http fetch GET 200 https://registry.npmjs.org/buffer-equal-constant-time/-/buffer-equal-constant-time-1.0.1.tgz 1971ms (cache miss)
868 http fetch GET 200 https://registry.npmjs.org/long/-/long-5.2.3.tgz 2001ms (cache miss)
869 http fetch GET 200 https://registry.npmjs.org/generate-function/-/generate-function-2.3.1.tgz 2001ms (cache miss)
870 http fetch GET 200 https://registry.npmjs.org/destroy/-/destroy-1.2.0.tgz 1984ms (cache miss)
871 http fetch GET 200 https://registry.npmjs.org/utils-merge/-/utils-merge-1.0.1.tgz 2004ms (cache miss)
872 http fetch GET 200 https://registry.npmjs.org/has-symbols/-/has-symbols-1.0.3.tgz 2066ms (cache miss)
873 http fetch GET 200 https://registry.npmjs.org/bytes/-/bytes-3.1.2.tgz 2033ms (cache miss)
874 http fetch GET 200 https://registry.npmjs.org/statuses/-/statuses-2.0.1.tgz 2048ms (cache miss)
875 http fetch GET 200 https://registry.npmjs.org/type-is/-/type-is-1.6.18.tgz 2052ms (cache miss)
876 http fetch GET 200 https://registry.npmjs.org/vary/-/vary-1.1.2.tgz 2077ms (cache miss)
877 http fetch GET 200 https://registry.npmjs.org/side-channel/-/side-channel-1.0.6.tgz 2145ms (cache miss)
878 http fetch GET 200 https://registry.npmjs.org/range-parser/-/range-parser-1.2.1.tgz 2131ms (cache miss)
879 http fetch GET 200 https://registry.npmjs.org/call-bind/-/call-bind-1.0.7.tgz 2170ms (cache miss)
880 http fetch GET 200 https://registry.npmjs.org/encodeurl/-/encodeurl-2.0.0.tgz 2136ms (cache miss)
881 http fetch GET 200 https://registry.npmjs.org/setprototypeof/-/setprototypeof-1.2.0.tgz 2176ms (cache miss)
882 http fetch GET 200 https://registry.npmjs.org/methods/-/methods-1.1.2.tgz 2171ms (cache miss)
883 http fetch GET 200 https://registry.npmjs.org/lru-cache/-/lru-cache-7.18.3.tgz 2225ms (cache miss)
884 http fetch GET 200 https://registry.npmjs.org/merge-descriptors/-/merge-descriptors-1.0.3.tgz 2189ms (cache miss)
885 http fetch GET 200 https://registry.npmjs.org/fresh/-/fresh-0.5.2.tgz 2188ms (cache miss)
886 http fetch GET 200 https://registry.npmjs.org/cookie-signature/-/cookie-signature-1.0.6.tgz 2185ms (cache miss)
887 http fetch GET 200 https://registry.npmjs.org/mime-db/-/mime-db-1.52.0.tgz 2239ms (cache miss)
888 http fetch GET 200 https://registry.npmjs.org/seq-queue/-/seq-queue-0.0.5.tgz 2246ms (cache miss)
889 http fetch GET 200 https://registry.npmjs.org/path-to-regexp/-/path-to-regexp-0.1.10.tgz 2219ms (cache miss)
890 http fetch GET 200 https://registry.npmjs.org/send/-/send-0.19.0.tgz 2227ms (cache miss)
891 http fetch GET 200 https://registry.npmjs.org/content-disposition/-/content-disposition-0.5.4.tgz 2213ms (cache miss)
892 http fetch GET 200 https://registry.npmjs.org/http-errors/-/http-errors-2.0.0.tgz 2221ms (cache miss)
893 http fetch GET 200 https://registry.npmjs.org/finalhandler/-/finalhandler-1.3.1.tgz 2237ms (cache miss)
894 http fetch GET 200 https://registry.npmjs.org/etag/-/etag-1.8.1.tgz 2259ms (cache miss)
895 http fetch GET 200 https://registry.npmjs.org/escape-html/-/escape-html-1.0.3.tgz 2259ms (cache miss)
896 http fetch GET 200 https://registry.npmjs.org/ms/-/ms-2.1.3.tgz 2257ms (cache miss)
897 http fetch GET 200 https://registry.npmjs.org/mime-types/-/mime-types-2.1.35.tgz 2287ms (cache miss)
898 http fetch GET 200 https://registry.npmjs.org/parseurl/-/parseurl-1.3.3.tgz 2279ms (cache miss)
899 http fetch GET 200 https://registry.npmjs.org/enabled/-/enabled-2.0.0.tgz 2265ms (cache miss)
900 http fetch GET 200 https://registry.npmjs.org/cookie/-/cookie-0.7.1.tgz 2295ms (cache miss)
901 http fetch GET 200 https://registry.npmjs.org/accepts/-/accepts-1.3.8.tgz 2289ms (cache miss)
902 http fetch GET 200 https://registry.npmjs.org/array-flatten/-/array-flatten-1.1.1.tgz 2293ms (cache miss)
903 http fetch GET 200 https://registry.npmjs.org/debug/-/debug-4.3.7.tgz 2287ms (cache miss)
904 http fetch GET 200 https://registry.npmjs.org/jws/-/jws-3.2.2.tgz 2322ms (cache miss)
905 http fetch GET 200 https://registry.npmjs.org/content-type/-/content-type-1.0.5.tgz 2303ms (cache miss)
906 http fetch GET 200 https://registry.npmjs.org/raw-body/-/raw-body-2.5.2.tgz 2327ms (cache miss)
907 http fetch GET 200 https://registry.npmjs.org/safe-buffer/-/safe-buffer-5.1.2.tgz 2319ms (cache miss)
908 http fetch GET 200 https://registry.npmjs.org/depd/-/depd-2.0.0.tgz 2333ms (cache miss)
909 http fetch GET 200 https://registry.npmjs.org/proxy-addr/-/proxy-addr-2.0.7.tgz 2343ms (cache miss)
910 http fetch GET 200 https://registry.npmjs.org/encodeurl/-/encodeurl-1.0.2.tgz 2313ms (cache miss)
911 http fetch GET 200 https://registry.npmjs.org/mime/-/mime-1.6.0.tgz 2392ms (cache miss)
912 http fetch GET 200 https://registry.npmjs.org/ms/-/ms-2.0.0.tgz 2320ms (cache miss)
913 http fetch GET 200 https://registry.npmjs.org/safe-buffer/-/safe-buffer-5.2.1.tgz 2335ms (cache miss)
914 http fetch GET 200 https://registry.npmjs.org/serve-static/-/serve-static-1.16.2.tgz 2369ms (cache miss)
915 http fetch GET 200 https://registry.npmjs.org/on-finished/-/on-finished-2.4.1.tgz 2365ms (cache miss)
916 http fetch GET 200 https://registry.npmjs.org/safe-buffer/-/safe-buffer-5.2.1.tgz 2330ms (cache miss)
917 http fetch GET 200 https://registry.npmjs.org/safe-buffer/-/safe-buffer-5.2.1.tgz 2326ms (cache miss)
918 http fetch GET 200 https://registry.npmjs.org/safer-buffer/-/safer-buffer-2.1.2.tgz 2386ms (cache miss)
919 http fetch GET 200 https://registry.npmjs.org/ms/-/ms-2.0.0.tgz 2345ms (cache miss)
920 http fetch GET 200 https://registry.npmjs.org/ms/-/ms-2.0.0.tgz 2333ms (cache miss)
921 http fetch GET 200 https://registry.npmjs.org/ms/-/ms-2.0.0.tgz 2345ms (cache miss)
922 http fetch GET 200 https://registry.npmjs.org/buffer-more-ints/-/buffer-more-ints-1.0.0.tgz 2382ms (cache miss)
923 http fetch GET 200 https://registry.npmjs.org/@colors/colors/-/colors-1.6.0.tgz 2486ms (cache miss)
924 http fetch GET 200 https://registry.npmjs.org/@dabh/diagnostics/-/diagnostics-2.0.3.tgz 2496ms (cache miss)
925 http fetch GET 200 https://registry.npmjs.org/url-parse/-/url-parse-1.5.10.tgz 2428ms (cache miss)
926 http fetch GET 200 https://registry.npmjs.org/es-errors/-/es-errors-1.3.0.tgz 2500ms (cache miss)
927 http fetch GET 200 https://registry.npmjs.org/dotenv/-/dotenv-16.4.5.tgz 2454ms (cache miss)
928 http fetch GET 200 https://registry.npmjs.org/aws-ssl-profiles/-/aws-ssl-profiles-1.1.2.tgz 2513ms (cache miss)
929 http fetch GET 200 https://registry.npmjs.org/body-parser/-/body-parser-1.20.3.tgz 2504ms (cache miss)
930 http fetch GET 200 https://registry.npmjs.org/readable-stream/-/readable-stream-3.6.2.tgz 2582ms (cache miss)
931 http fetch GET 200 https://registry.npmjs.org/jsonwebtoken/-/jsonwebtoken-9.0.2.tgz 2510ms (cache miss)
932 http fetch GET 200 https://registry.npmjs.org/debug/-/debug-2.6.9.tgz 2529ms (cache miss)
933 http fetch GET 200 https://registry.npmjs.org/debug/-/debug-2.6.9.tgz 2527ms (cache miss)
934 http fetch GET 200 https://registry.npmjs.org/debug/-/debug-2.6.9.tgz 2543ms (cache miss)
935 http fetch GET 200 https://registry.npmjs.org/debug/-/debug-2.6.9.tgz 2543ms (cache miss)
936 http fetch GET 200 https://registry.npmjs.org/@acuminous/bitsyntax/-/bitsyntax-0.1.2.tgz 2570ms (cache miss)
937 http fetch GET 200 https://registry.npmjs.org/qs/-/qs-6.13.0.tgz 2620ms (cache miss)
938 http fetch GET 200 https://registry.npmjs.org/express/-/express-4.21.1.tgz 2598ms (cache miss)
939 http fetch GET 200 https://registry.npmjs.org/object-inspect/-/object-inspect-1.13.3.tgz 2691ms (cache miss)
940 http fetch GET 200 https://registry.npmjs.org/logform/-/logform-2.7.0.tgz 2741ms (cache miss)
941 http fetch GET 200 https://registry.npmjs.org/iconv-lite/-/iconv-lite-0.4.24.tgz 2719ms (cache miss)
942 http fetch GET 200 https://registry.npmjs.org/iconv-lite/-/iconv-lite-0.6.3.tgz 2687ms (cache miss)
943 http fetch GET 200 https://registry.npmjs.org/winston/-/winston-3.17.0.tgz 2730ms (cache miss)
944 http fetch GET 200 https://registry.npmjs.org/semver/-/semver-7.6.3.tgz 2783ms (cache miss)
945 http fetch GET 200 https://registry.npmjs.org/amqplib/-/amqplib-0.10.5.tgz 2838ms (cache miss)
946 http fetch GET 200 https://registry.npmjs.org/mysql2/-/mysql2-3.11.4.tgz 2915ms (cache miss)
947 http fetch GET 200 https://registry.npmjs.org/async/-/async-3.2.6.tgz 3024ms (cache miss)
948 silly ADD node_modules/is-arrayish
949 silly ADD node_modules/util-deprecate
950 silly ADD node_modules/string_decoder
951 silly ADD node_modules/string_decoder/node_modules/safe-buffer
952 silly ADD node_modules/fn.name
953 silly ADD node_modules/fecha
954 silly ADD node_modules/@types/triple-beam
955 silly ADD node_modules/simple-swizzle
956 silly ADD node_modules/color-name
957 silly ADD node_modules/color-string
958 silly ADD node_modules/color-convert
959 silly ADD node_modules/text-hex
960 silly ADD node_modules/color
961 silly ADD node_modules/kuler
962 silly ADD node_modules/enabled
963 silly ADD node_modules/colorspace
964 silly ADD node_modules/winston-transport
965 silly ADD node_modules/triple-beam
966 silly ADD node_modules/stack-trace
967 silly ADD node_modules/safe-stable-stringify
968 silly ADD node_modules/readable-stream
969 silly ADD node_modules/one-time
970 silly ADD node_modules/logform
971 silly ADD node_modules/is-stream
972 silly ADD node_modules/async
973 silly ADD node_modules/@dabh/diagnostics
974 silly ADD node_modules/@colors/colors
975 silly ADD node_modules/requires-port
976 silly ADD node_modules/querystringify
977 silly ADD node_modules/media-typer
978 silly ADD node_modules/has-property-descriptors
979 silly ADD node_modules/gopd
980 silly ADD node_modules/define-data-property
981 silly ADD node_modules/hasown
982 silly ADD node_modules/has-symbols
983 silly ADD node_modules/has-proto
984 silly ADD node_modules/set-function-length
985 silly ADD node_modules/function-bind
986 silly ADD node_modules/es-define-property
987 silly ADD node_modules/object-inspect
988 silly ADD node_modules/get-intrinsic
989 silly ADD node_modules/es-errors
990 silly ADD node_modules/call-bind
991 silly ADD node_modules/mime
992 silly ADD node_modules/side-channel
993 silly ADD node_modules/ipaddr.js
994 silly ADD node_modules/forwarded
995 silly ADD node_modules/ee-first
996 silly ADD node_modules/lru-cache
997 silly ADD node_modules/is-property
998 silly ADD node_modules/sqlstring
999 silly ADD node_modules/seq-queue
1000 silly ADD node_modules/named-placeholders
1001 silly ADD node_modules/lru.min
1002 silly ADD node_modules/long
1003 silly ADD node_modules/generate-function
1004 silly ADD node_modules/denque
1005 silly ADD node_modules/aws-ssl-profiles
1006 silly ADD node_modules/mime-db
1007 silly ADD node_modules/ecdsa-sig-formatter
1008 silly ADD node_modules/buffer-equal-constant-time
1009 silly ADD node_modules/jwa
1010 silly ADD node_modules/semver
1011 silly ADD node_modules/lodash.once
1012 silly ADD node_modules/lodash.isstring
1013 silly ADD node_modules/lodash.isplainobject
1014 silly ADD node_modules/lodash.isnumber
1015 silly ADD node_modules/lodash.isinteger
1016 silly ADD node_modules/lodash.isboolean
1017 silly ADD node_modules/lodash.includes
1018 silly ADD node_modules/jws
1019 silly ADD node_modules/safer-buffer
1020 silly ADD node_modules/toidentifier
1021 silly ADD node_modules/inherits
1022 silly ADD node_modules/unpipe
1023 silly ADD node_modules/raw-body
1024 silly ADD node_modules/iconv-lite
1025 silly ADD node_modules/destroy
1026 silly ADD node_modules/bytes
1027 silly ADD node_modules/negotiator
1028 silly ADD node_modules/mime-types
1029 silly ADD node_modules/vary
1030 silly ADD node_modules/utils-merge
1031 silly ADD node_modules/type-is
1032 silly ADD node_modules/statuses
1033 silly ADD node_modules/setprototypeof
1034 silly ADD node_modules/serve-static
1035 silly ADD node_modules/send
1036 silly ADD node_modules/send/node_modules/encodeurl
1037 silly ADD node_modules/send/node_modules/debug
1038 silly ADD node_modules/send/node_modules/debug/node_modules/ms
1039 silly ADD node_modules/range-parser
1040 silly ADD node_modules/qs
1041 silly ADD node_modules/proxy-addr
1042 silly ADD node_modules/path-to-regexp
1043 silly ADD node_modules/parseurl
1044 silly ADD node_modules/on-finished
1045 silly ADD node_modules/methods
1046 silly ADD node_modules/merge-descriptors
1047 silly ADD node_modules/http-errors
1048 silly ADD node_modules/fresh
1049 silly ADD node_modules/finalhandler
1050 silly ADD node_modules/finalhandler/node_modules/ms
1051 silly ADD node_modules/finalhandler/node_modules/debug
1052 silly ADD node_modules/etag
1053 silly ADD node_modules/escape-html
1054 silly ADD node_modules/encodeurl
1055 silly ADD node_modules/depd
1056 silly ADD node_modules/cookie-signature
1057 silly ADD node_modules/cookie
1058 silly ADD node_modules/content-type
1059 silly ADD node_modules/content-disposition
1060 silly ADD node_modules/content-disposition/node_modules/safe-buffer
1061 silly ADD node_modules/body-parser
1062 silly ADD node_modules/body-parser/node_modules/ms
1063 silly ADD node_modules/body-parser/node_modules/debug
1064 silly ADD node_modules/array-flatten
1065 silly ADD node_modules/accepts
1066 silly ADD node_modules/ms
1067 silly ADD node_modules/safe-buffer
1068 silly ADD node_modules/debug
1069 silly ADD node_modules/url-parse
1070 silly ADD node_modules/buffer-more-ints
1071 silly ADD node_modules/@acuminous/bitsyntax
1072 silly ADD node_modules/winston
1073 silly ADD node_modules/mysql2
1074 silly ADD node_modules/mysql2/node_modules/iconv-lite
1075 silly ADD node_modules/jsonwebtoken
1076 silly ADD node_modules/express
1077 silly ADD node_modules/express/node_modules/ms
1078 silly ADD node_modules/express/node_modules/safe-buffer
1079 silly ADD node_modules/express/node_modules/debug
1080 silly ADD node_modules/dotenv
1081 silly ADD node_modules/amqplib
1082 verbose cwd C:\wamp64\www\2024\nodejs-fund-transfer
1083 verbose os Windows_NT 10.0.22000
1084 verbose node v22.1.0
1085 verbose npm  v10.8.2
1086 verbose exit 0
1087 info ok
